Using pre-set license
Built from '2022.3/staging' branch; Version is '2022.3.29f1 (8d510ca76d2b) revision 9261324'; Using compiler version '192829333'; Build Type 'Release'
OS: 'Windows 11  (10.0.22631) 64bit Core' Language: 'de' Physical Memory: 15741 MB
BatchMode: 1, IsHumanControllingUs: 0, StartBugReporterOnCrash: 0, Is64bit: 1, IsPro: 1

COMMAND LINE ARGUMENTS:
D:\Programme\2022.3.29f1\Editor\Unity.exe
-adb2
-batchMode
-noUpm
-name
AssetImportWorker1
-projectPath
C:/Users/lesli/My project (1)
-logFile
Logs/AssetImportWorker1.log
-srvPort
57790
Successfully changed project path to: C:/Users/lesli/My project (1)
C:/Users/lesli/My project (1)
[UnityMemory] Configuration Parameters - Can be set up in boot.config
    "memorysetup-bucket-allocator-granularity=16"
    "memorysetup-bucket-allocator-bucket-count=8"
    "memorysetup-bucket-allocator-block-size=33554432"
    "memorysetup-bucket-allocator-block-count=8"
    "memorysetup-main-allocator-block-size=16777216"
    "memorysetup-thread-allocator-block-size=16777216"
    "memorysetup-gfx-main-allocator-block-size=16777216"
    "memorysetup-gfx-thread-allocator-block-size=16777216"
    "memorysetup-cache-allocator-block-size=4194304"
    "memorysetup-typetree-allocator-block-size=2097152"
    "memorysetup-profiler-bucket-allocator-granularity=16"
    "memorysetup-profiler-bucket-allocator-bucket-count=8"
    "memorysetup-profiler-bucket-allocator-block-size=33554432"
    "memorysetup-profiler-bucket-allocator-block-count=8"
    "memorysetup-profiler-allocator-block-size=16777216"
    "memorysetup-profiler-editor-allocator-block-size=1048576"
    "memorysetup-temp-allocator-size-main=16777216"
    "memorysetup-job-temp-allocator-block-size=2097152"
    "memorysetup-job-temp-allocator-block-size-background=1048576"
    "memorysetup-job-temp-allocator-reduction-small-platforms=262144"
    "memorysetup-allocator-temp-initial-block-size-main=262144"
    "memorysetup-allocator-temp-initial-block-size-worker=262144"
    "memorysetup-temp-allocator-size-background-worker=32768"
    "memorysetup-temp-allocator-size-job-worker=262144"
    "memorysetup-temp-allocator-size-preload-manager=33554432"
    "memorysetup-temp-allocator-size-nav-mesh-worker=65536"
    "memorysetup-temp-allocator-size-audio-worker=65536"
    "memorysetup-temp-allocator-size-cloud-worker=32768"
    "memorysetup-temp-allocator-size-gi-baking-worker=262144"
    "memorysetup-temp-allocator-size-gfx=262144"
Player connection [3760] Host "[IP] 172.16.16.201 [Port] 0 [Flags] 2 [Guid] 2373993357 [EditorId] 2373993357 [Version] 1048832 [Id] WindowsEditor(7,LAPTOP-SSU6R00G) [Debug] 1 [PackageName] WindowsEditor [ProjectName] Editor" joined multi-casting on [225.0.0.222:54997]...

Player connection [3760] Host "[IP] 172.16.16.201 [Port] 0 [Flags] 2 [Guid] 2373993357 [EditorId] 2373993357 [Version] 1048832 [Id] WindowsEditor(7,LAPTOP-SSU6R00G) [Debug] 1 [PackageName] WindowsEditor [ProjectName] Editor" joined alternative multi-casting on [225.0.0.222:34997]...

[Physics::Module] Initialized MultithreadedJobDispatcher with 11 workers.
Refreshing native plugins compatible for Editor in 17.43 ms, found 4 plugins.
Preloading 0 native plugins for Editor in 0.00 ms.
Initialize engine version: 2022.3.29f1 (8d510ca76d2b)
[Subsystems] Discovering subsystems at path D:/Programme/2022.3.29f1/Editor/Data/Resources/UnitySubsystems
[Subsystems] Discovering subsystems at path C:/Users/lesli/My project (1)/Assets
GfxDevice: creating device client; threaded=0; jobified=0
Direct3D:
    Version:  Direct3D 11.0 [level 11.1]
    Renderer: AMD Radeon(TM) Graphics (ID=0x1636)
    Vendor:   ATI
    VRAM:     7870 MB
    Driver:   31.0.21910.5
Initialize mono
Mono path[0] = 'D:/Programme/2022.3.29f1/Editor/Data/Managed'
Mono path[1] = 'D:/Programme/2022.3.29f1/Editor/Data/MonoBleedingEdge/lib/mono/unityjit-win32'
Mono config path = 'D:/Programme/2022.3.29f1/Editor/Data/MonoBleedingEdge/etc'
Using monoOptions --debugger-agent=transport=dt_socket,embedding=1,server=y,suspend=n,address=127.0.0.1:56676
Begin MonoManager ReloadAssembly
Registering precompiled unity dll's ...
Register platform support module: D:/Programme/2022.3.29f1/Editor/Data/PlaybackEngines/WebGLSupport/UnityEditor.WebGL.Extensions.dll
Register platform support module: D:/Programme/2022.3.29f1/Editor/Data/PlaybackEngines/WindowsStandaloneSupport/UnityEditor.WindowsStandalone.Extensions.dll
Registered in 0.005011 seconds.
- Loaded All Assemblies, in  0.407 seconds
Native extension for WindowsStandalone target not found
Native extension for WebGL target not found
Mono: successfully reloaded assembly
- Finished resetting the current domain, in  0.311 seconds
Domain Reload Profiling: 718ms
	BeginReloadAssembly (128ms)
		ExecutionOrderSort (0ms)
		DisableScriptedObjects (0ms)
		BackupInstance (0ms)
		ReleaseScriptingObjects (0ms)
		CreateAndSetChildDomain (1ms)
	RebuildCommonClasses (40ms)
	RebuildNativeTypeToScriptingClass (11ms)
	initialDomainReloadingComplete (62ms)
	LoadAllAssembliesAndSetupDomain (166ms)
		LoadAssemblies (127ms)
		RebuildTransferFunctionScriptingTraits (0ms)
		AnalyzeDomain (164ms)
			TypeCache.Refresh (162ms)
				TypeCache.ScanAssembly (145ms)
			ScanForSourceGeneratedMonoScriptInfo (0ms)
			ResolveRequiredComponents (1ms)
	FinalizeReload (311ms)
		ReleaseScriptCaches (0ms)
		RebuildScriptCaches (0ms)
		SetupLoadedEditorAssemblies (244ms)
			LogAssemblyErrors (0ms)
			InitializePlatformSupportModulesInManaged (10ms)
			SetLoadedEditorAssemblies (7ms)
			RefreshPlugins (0ms)
			BeforeProcessingInitializeOnLoad (3ms)
			ProcessInitializeOnLoadAttributes (177ms)
			ProcessInitializeOnLoadMethodAttributes (47ms)
			AfterProcessingInitializeOnLoad (0ms)
			EditorAssembliesLoaded (0ms)
		ExecutionOrderSort2 (0ms)
		AwakeInstancesAfterBackupRestoration (0ms)
========================================================================
Worker process is ready to serve import requests
Begin MonoManager ReloadAssembly
- Loaded All Assemblies, in  0.670 seconds
Refreshing native plugins compatible for Editor in 8.91 ms, found 4 plugins.
Native extension for WindowsStandalone target not found
Native extension for WebGL target not found
Package Manager log level set to [2]
[Package Manager] Server::EnsureServerProcessIsRunning -- launch failed, reason: Unity was launched with the -noUpm command-line argument
[Package Manager] UpmClient::Send -- Unable to send message (not connected to UPM process).
[Package Manager] Cannot connect to Unity Package Manager local server
Mono: successfully reloaded assembly
- Finished resetting the current domain, in  0.688 seconds
Domain Reload Profiling: 1357ms
	BeginReloadAssembly (138ms)
		ExecutionOrderSort (0ms)
		DisableScriptedObjects (6ms)
		BackupInstance (0ms)
		ReleaseScriptingObjects (0ms)
		CreateAndSetChildDomain (22ms)
	RebuildCommonClasses (34ms)
	RebuildNativeTypeToScriptingClass (15ms)
	initialDomainReloadingComplete (40ms)
	LoadAllAssembliesAndSetupDomain (440ms)
		LoadAssemblies (321ms)
		RebuildTransferFunctionScriptingTraits (0ms)
		AnalyzeDomain (196ms)
			TypeCache.Refresh (163ms)
				TypeCache.ScanAssembly (149ms)
			ScanForSourceGeneratedMonoScriptInfo (21ms)
			ResolveRequiredComponents (11ms)
	FinalizeReload (689ms)
		ReleaseScriptCaches (0ms)
		RebuildScriptCaches (0ms)
		SetupLoadedEditorAssemblies (508ms)
			LogAssemblyErrors (0ms)
			InitializePlatformSupportModulesInManaged (5ms)
			SetLoadedEditorAssemblies (5ms)
			RefreshPlugins (0ms)
			BeforeProcessingInitializeOnLoad (74ms)
			ProcessInitializeOnLoadAttributes (349ms)
			ProcessInitializeOnLoadMethodAttributes (72ms)
			AfterProcessingInitializeOnLoad (3ms)
			EditorAssembliesLoaded (0ms)
		ExecutionOrderSort2 (0ms)
		AwakeInstancesAfterBackupRestoration (7ms)
Launched and connected shader compiler UnityShaderCompiler.exe after 0.05 seconds
Refreshing native plugins compatible for Editor in 8.44 ms, found 4 plugins.
Preloading 0 native plugins for Editor in 0.00 ms.
Unloading 4977 Unused Serialized files (Serialized files now loaded: 0)
Unloading 86 unused Assets / (358.3 KB). Loaded Objects now: 5412.
Memory consumption went from 200.5 MB to 200.2 MB.
Total: 4.022800 ms (FindLiveObjects: 0.453200 ms CreateObjectMapping: 0.298600 ms MarkObjects: 2.986900 ms  DeleteObjects: 0.282600 ms)

AssetImportParameters requested are different than current active one (requested -> active):
  custom:container-demuxer-ogg: 62fdf1f143b41e24485cea50d1cbac27 -> 
  custom:video-codec-MediaFoundation-h265: 746d11721c4dcdbdad8f713fa42b33f4 -> 
  custom:video-decoder-ogg-theora: a1e56fd34408186e4bbccfd4996cb3dc -> 
  custom:framework-win-MediaFoundation: 216162199b28c13a410421893ffa2e32 -> 
  custom:CustomObjectIndexerAttribute: 72b91833f83ae208fae7752999fa3104 -> 
  custom:container-demuxer-webm: 4f35f7cbe854078d1ac9338744f61a02 -> 
  custom:container-muxer-webm: aa71ff27fc2769a1b78a27578f13a17b -> 
  custom:video-decoder-webm-vp8: 9c59270c3fd7afecdb556c50c9e8de78 -> 
  custom:SearchIndexIgnoredProperties: e643bd26f0fe6173181afceb89e7c659 -> 
  custom:AudioImporter_EditorPlatform: d09bf68614088b80899f8185d706f6e7 -> 
  custom:video-encoder-webm-vp8: eb34c28f22e8b96e1ab97ce403110664 -> 
  custom:audio-decoder-ogg-vorbis: bf7c407c2cedff20999df2af8eb42d56 -> 
  custom:audio-encoder-webm-vorbis: bf7c407c2cedff20999df2af8eb42d56 -> 
========================================================================
Received Prepare
Begin MonoManager ReloadAssembly
- Loaded All Assemblies, in  0.588 seconds
Refreshing native plugins compatible for Editor in 7.72 ms, found 3 plugins.
Native extension for WindowsStandalone target not found
Native extension for WebGL target not found
[Package Manager] Server::EnsureServerProcessIsRunning -- launch failed, reason: Unity was launched with the -noUpm command-line argument
[Package Manager] UpmClient::Send -- Unable to send message (not connected to UPM process).
[Package Manager] Cannot connect to Unity Package Manager local server
Mono: successfully reloaded assembly
- Finished resetting the current domain, in  1.585 seconds
Domain Reload Profiling: 2172ms
	BeginReloadAssembly (166ms)
		ExecutionOrderSort (0ms)
		DisableScriptedObjects (4ms)
		BackupInstance (0ms)
		ReleaseScriptingObjects (0ms)
		CreateAndSetChildDomain (39ms)
	RebuildCommonClasses (41ms)
	RebuildNativeTypeToScriptingClass (14ms)
	initialDomainReloadingComplete (31ms)
	LoadAllAssembliesAndSetupDomain (334ms)
		LoadAssemblies (372ms)
		RebuildTransferFunctionScriptingTraits (0ms)
		AnalyzeDomain (54ms)
			TypeCache.Refresh (11ms)
				TypeCache.ScanAssembly (0ms)
			ScanForSourceGeneratedMonoScriptInfo (27ms)
			ResolveRequiredComponents (14ms)
	FinalizeReload (1586ms)
		ReleaseScriptCaches (0ms)
		RebuildScriptCaches (0ms)
		SetupLoadedEditorAssemblies (509ms)
			LogAssemblyErrors (0ms)
			InitializePlatformSupportModulesInManaged (6ms)
			SetLoadedEditorAssemblies (3ms)
			RefreshPlugins (0ms)
			BeforeProcessingInitializeOnLoad (71ms)
			ProcessInitializeOnLoadAttributes (347ms)
			ProcessInitializeOnLoadMethodAttributes (81ms)
			AfterProcessingInitializeOnLoad (2ms)
			EditorAssembliesLoaded (0ms)
		ExecutionOrderSort2 (0ms)
		AwakeInstancesAfterBackupRestoration (18ms)
Refreshing native plugins compatible for Editor in 8.21 ms, found 3 plugins.
Preloading 0 native plugins for Editor in 0.00 ms.
Unloading 4784 Unused Serialized files (Serialized files now loaded: 0)
Unloading 55 unused Assets / (326.3 KB). Loaded Objects now: 5402.
Memory consumption went from 173.1 MB to 172.8 MB.
Total: 3.856200 ms (FindLiveObjects: 0.416000 ms CreateObjectMapping: 0.156000 ms MarkObjects: 3.137900 ms  DeleteObjects: 0.144900 ms)

Prepare: number of updated asset objects reloaded= 1
AssetImportParameters requested are different than current active one (requested -> active):
  custom:container-demuxer-ogg: 62fdf1f143b41e24485cea50d1cbac27 -> 
  custom:video-codec-MediaFoundation-h265: 746d11721c4dcdbdad8f713fa42b33f4 -> 
  custom:video-decoder-ogg-theora: a1e56fd34408186e4bbccfd4996cb3dc -> 
  custom:framework-win-MediaFoundation: 216162199b28c13a410421893ffa2e32 -> 
  custom:CustomObjectIndexerAttribute: 72b91833f83ae208fae7752999fa3104 -> 
  custom:container-demuxer-webm: 4f35f7cbe854078d1ac9338744f61a02 -> 
  custom:container-muxer-webm: aa71ff27fc2769a1b78a27578f13a17b -> 
  custom:video-decoder-webm-vp8: 9c59270c3fd7afecdb556c50c9e8de78 -> 
  custom:SearchIndexIgnoredProperties: e643bd26f0fe6173181afceb89e7c659 -> 
  custom:AudioImporter_EditorPlatform: d09bf68614088b80899f8185d706f6e7 -> 
  custom:video-encoder-webm-vp8: eb34c28f22e8b96e1ab97ce403110664 -> 
  custom:audio-decoder-ogg-vorbis: bf7c407c2cedff20999df2af8eb42d56 -> 
  custom:audio-encoder-webm-vorbis: bf7c407c2cedff20999df2af8eb42d56 -> 
========================================================================
Received Import Request.
  Time since last request: 503695.211746 seconds.
  path: Assets/manifest 2.json
  artifactKey: Guid(bb96809909ded7049af17085973aa8c6) Importer(2089858483,0ecaa5967403d082aa24f35e1b516d23)
Start importing Assets/manifest 2.json using Guid(bb96809909ded7049af17085973aa8c6) Importer(2089858483,0ecaa5967403d082aa24f35e1b516d23)  -> (artifact id: '157f76c1ff70aeecca5443c25b7bbddb') in 0.194148 seconds
Number of updated asset objects reloaded before import = 0
Number of asset objects unloaded after import = 1
========================================================================
Received Import Request.
  Time since last request: 0.000058 seconds.
  path: Assets/Settings/URP-Performant-Renderer.asset
  artifactKey: Guid(707360a9c581a4bd7aa53bfeb1429f71) Importer(2089858483,0ecaa5967403d082aa24f35e1b516d23)
Start importing Assets/Settings/URP-Performant-Renderer.asset using Guid(707360a9c581a4bd7aa53bfeb1429f71) Importer(2089858483,0ecaa5967403d082aa24f35e1b516d23)  -> (artifact id: 'a940d43de465a2abda0c3d748227561c') in 0.095796 seconds
Number of updated asset objects reloaded before import = 0
Number of asset objects unloaded after import = 1
========================================================================
Received Import Request.
  Time since last request: 0.000090 seconds.
  path: Assets/RoofingTiles014A_2K-JPG/RoofingTiles014A.png
  artifactKey: Guid(fe5376af6acb1b34aadfed41450646c9) Importer(2089858483,0ecaa5967403d082aa24f35e1b516d23)
Start importing Assets/RoofingTiles014A_2K-JPG/RoofingTiles014A.png using Guid(fe5376af6acb1b34aadfed41450646c9) Importer(2089858483,0ecaa5967403d082aa24f35e1b516d23)  -> (artifact id: '280da6b1fdad414c758547da37ed7fa9') in 0.073295 seconds
Number of updated asset objects reloaded before import = 0
Number of asset objects unloaded after import = 1
========================================================================
Received Import Request.
  Time since last request: 0.000029 seconds.
  path: Assets/Bricks093_2K-JPG/Bricks093_2K-JPG.mtlx
  artifactKey: Guid(8813c5e5c2e3e8e419d417e7ac16cc8c) Importer(2089858483,0ecaa5967403d082aa24f35e1b516d23)
Start importing Assets/Bricks093_2K-JPG/Bricks093_2K-JPG.mtlx using Guid(8813c5e5c2e3e8e419d417e7ac16cc8c) Importer(2089858483,0ecaa5967403d082aa24f35e1b516d23)  -> (artifact id: 'e812b6f11f2ebbcd5055fcade32538be') in 0.016942 seconds
Number of updated asset objects reloaded before import = 0
Number of asset objects unloaded after import = 1
========================================================================
Received Import Request.
  Time since last request: 0.000026 seconds.
  path: Assets/WoodFloor044_4K-JPG/WoodFloor044_4K-JPG.usdc
  artifactKey: Guid(f4a863d44a384464e945a5cb84493d80) Importer(2089858483,0ecaa5967403d082aa24f35e1b516d23)
Start importing Assets/WoodFloor044_4K-JPG/WoodFloor044_4K-JPG.usdc using Guid(f4a863d44a384464e945a5cb84493d80) Importer(2089858483,0ecaa5967403d082aa24f35e1b516d23)  -> (artifact id: 'cd19661f6531d471b7b41f5e324856a3') in 0.015726 seconds
Number of updated asset objects reloaded before import = 0
Number of asset objects unloaded after import = 1
========================================================================
Received Import Request.
  Time since last request: 0.000037 seconds.
  path: Assets/Settings/URP-Balanced.asset
  artifactKey: Guid(e1260c1148f6143b28bae5ace5e9c5d1) Importer(2089858483,0ecaa5967403d082aa24f35e1b516d23)
Start importing Assets/Settings/URP-Balanced.asset using Guid(e1260c1148f6143b28bae5ace5e9c5d1) Importer(2089858483,0ecaa5967403d082aa24f35e1b516d23)  -> (artifact id: '629e158e1d9f32341f0f0a56f2481d42') in 0.087330 seconds
Number of updated asset objects reloaded before import = 0
Number of asset objects unloaded after import = 3
========================================================================
Received Import Request.
  Time since last request: 0.000029 seconds.
  path: Assets/Scenes/SampleScene.unity
  artifactKey: Guid(99c9720ab356a0642a771bea13969a05) Importer(2089858483,0ecaa5967403d082aa24f35e1b516d23)
Start importing Assets/Scenes/SampleScene.unity using Guid(99c9720ab356a0642a771bea13969a05) Importer(2089858483,0ecaa5967403d082aa24f35e1b516d23)  -> (artifact id: '1307396a8a4a49176a7d03cdf10ce31e') in 0.013525 seconds
Number of updated asset objects reloaded before import = 0
Number of asset objects unloaded after import = 1
========================================================================
Received Import Request.
  Time since last request: 0.000047 seconds.
  path: Assets/WoodFloor044_4K-JPG/WoodFloor044_4K-JPG_AmbientOcclusion.jpg
  artifactKey: Guid(f92c2e5f1b5ae7f4ea1b634ae99c28f8) Importer(2089858483,0ecaa5967403d082aa24f35e1b516d23)
Start importing Assets/WoodFloor044_4K-JPG/WoodFloor044_4K-JPG_AmbientOcclusion.jpg using Guid(f92c2e5f1b5ae7f4ea1b634ae99c28f8) Importer(2089858483,0ecaa5967403d082aa24f35e1b516d23)  -> (artifact id: '95823dfb1039f2df45f25762c7adc231') in 0.044758 seconds
Number of updated asset objects reloaded before import = 0
Number of asset objects unloaded after import = 1
========================================================================
Received Import Request.
  Time since last request: 0.000046 seconds.
  path: Assets/WoodFloor044_4K-JPG/WoodFloor044_4K-JPG.mtlx
  artifactKey: Guid(2cbe7862b70cb444b8b6f28d30db98c6) Importer(2089858483,0ecaa5967403d082aa24f35e1b516d23)
Start importing Assets/WoodFloor044_4K-JPG/WoodFloor044_4K-JPG.mtlx using Guid(2cbe7862b70cb444b8b6f28d30db98c6) Importer(2089858483,0ecaa5967403d082aa24f35e1b516d23)  -> (artifact id: '8a77ec561049f84227aa5deaaff280d2') in 0.016538 seconds
Number of updated asset objects reloaded before import = 0
Number of asset objects unloaded after import = 1
========================================================================
Received Import Request.
  Time since last request: 0.000026 seconds.
  path: Assets/RoofingTiles014A_2K-JPG/RoofingTiles014A_2K-JPG_Opacity.jpg
  artifactKey: Guid(d54f5b06c5e7eef44852fc5fc1cc6a97) Importer(2089858483,0ecaa5967403d082aa24f35e1b516d23)
Start importing Assets/RoofingTiles014A_2K-JPG/RoofingTiles014A_2K-JPG_Opacity.jpg using Guid(d54f5b06c5e7eef44852fc5fc1cc6a97) Importer(2089858483,0ecaa5967403d082aa24f35e1b516d23)  -> (artifact id: 'ff57f14962e5a345e7436c5a0ec45ad9') in 0.040164 seconds
Number of updated asset objects reloaded before import = 0
Number of asset objects unloaded after import = 1
========================================================================
Received Import Request.
  Time since last request: 0.000022 seconds.
  path: Assets/TutorialInfo/Icons/URP.png
  artifactKey: Guid(727a75301c3d24613a3ebcec4a24c2c8) Importer(2089858483,0ecaa5967403d082aa24f35e1b516d23)
Start importing Assets/TutorialInfo/Icons/URP.png using Guid(727a75301c3d24613a3ebcec4a24c2c8) Importer(2089858483,0ecaa5967403d082aa24f35e1b516d23)  -> (artifact id: 'c6aedf597552f4608259760c345e6d92') in 0.036910 seconds
Number of updated asset objects reloaded before import = 0
Number of asset objects unloaded after import = 1
========================================================================
Received Import Request.
  Time since last request: 0.000046 seconds.
  path: Assets/TutorialInfo/Layout.wlt
  artifactKey: Guid(eabc9546105bf4accac1fd62a63e88e6) Importer(2089858483,0ecaa5967403d082aa24f35e1b516d23)
Start importing Assets/TutorialInfo/Layout.wlt using Guid(eabc9546105bf4accac1fd62a63e88e6) Importer(2089858483,0ecaa5967403d082aa24f35e1b516d23)  -> (artifact id: 'b12463064582e84613709b12c511a0c8') in 0.018586 seconds
Number of updated asset objects reloaded before import = 0
Number of asset objects unloaded after import = 1
========================================================================
Received Import Request.
  Time since last request: 0.000037 seconds.
  path: Assets/RoofingTiles014A_2K-JPG/RoofingTiles014A_2K-JPG_NormalDX.jpg
  artifactKey: Guid(7c2c41d32f576b544b3cb637ddc8af5f) Importer(2089858483,0ecaa5967403d082aa24f35e1b516d23)
Start importing Assets/RoofingTiles014A_2K-JPG/RoofingTiles014A_2K-JPG_NormalDX.jpg using Guid(7c2c41d32f576b544b3cb637ddc8af5f) Importer(2089858483,0ecaa5967403d082aa24f35e1b516d23)  -> (artifact id: '3af74b389a5b9dfa0efaa03697b629b2') in 0.043580 seconds
Number of updated asset objects reloaded before import = 0
Number of asset objects unloaded after import = 1
========================================================================
Received Import Request.
  Time since last request: 0.000050 seconds.
  path: Assets/Bricks093_2K-JPG/Bricks093_2K-JPG_AmbientOcclusion.jpg
  artifactKey: Guid(c05b94d793b32d945a3d5bf9a1289c94) Importer(2089858483,0ecaa5967403d082aa24f35e1b516d23)
Start importing Assets/Bricks093_2K-JPG/Bricks093_2K-JPG_AmbientOcclusion.jpg using Guid(c05b94d793b32d945a3d5bf9a1289c94) Importer(2089858483,0ecaa5967403d082aa24f35e1b516d23)  -> (artifact id: '0a204749144cd59f7888ce9619010b28') in 0.035365 seconds
Number of updated asset objects reloaded before import = 0
Number of asset objects unloaded after import = 1
========================================================================
Received Import Request.
  Time since last request: 0.000023 seconds.
  path: Assets/WoodFloor044_4K-JPG/WoodFloor044_4K-JPG_NormalGL.jpg
  artifactKey: Guid(7d0315423f5a7af4f904f91e652ccea3) Importer(2089858483,0ecaa5967403d082aa24f35e1b516d23)
Start importing Assets/WoodFloor044_4K-JPG/WoodFloor044_4K-JPG_NormalGL.jpg using Guid(7d0315423f5a7af4f904f91e652ccea3) Importer(2089858483,0ecaa5967403d082aa24f35e1b516d23)  -> (artifact id: 'de1854c4da855285ccd4ed61ae9439a1') in 0.038790 seconds
Number of updated asset objects reloaded before import = 0
Number of asset objects unloaded after import = 1
========================================================================
Received Import Request.
  Time since last request: 0.000037 seconds.
  path: Assets/RoofingTiles014A_2K-JPG/New Material.mat
  artifactKey: Guid(4b7fe8eabc5d63140af16db16865eb6c) Importer(2089858483,0ecaa5967403d082aa24f35e1b516d23)
Start importing Assets/RoofingTiles014A_2K-JPG/New Material.mat using Guid(4b7fe8eabc5d63140af16db16865eb6c) Importer(2089858483,0ecaa5967403d082aa24f35e1b516d23)  -> (artifact id: '3a7e8f2e6b2839ae1e1db0de6241cbee') in 0.055003 seconds
Number of updated asset objects reloaded before import = 0
Number of asset objects unloaded after import = 3
========================================================================
Received Import Request.
  Time since last request: 0.000029 seconds.
  path: Assets/WoodFloor044_4K-JPG/WoodFloor044_4K-JPG_Metalness.jpg
  artifactKey: Guid(0b5ae2eaaa556144eac6e6d6ef2415ae) Importer(2089858483,0ecaa5967403d082aa24f35e1b516d23)
Start importing Assets/WoodFloor044_4K-JPG/WoodFloor044_4K-JPG_Metalness.jpg using Guid(0b5ae2eaaa556144eac6e6d6ef2415ae) Importer(2089858483,0ecaa5967403d082aa24f35e1b516d23)  -> (artifact id: '2855866bce74f256671479dc6502d194') in 0.037554 seconds
Number of updated asset objects reloaded before import = 0
Number of asset objects unloaded after import = 1
========================================================================
Received Import Request.
  Time since last request: 0.000026 seconds.
  path: Assets/scr.cs
  artifactKey: Guid(8f81d2b4a0ac1ac469a959a4fee3c8de) Importer(2089858483,0ecaa5967403d082aa24f35e1b516d23)
Start importing Assets/scr.cs using Guid(8f81d2b4a0ac1ac469a959a4fee3c8de) Importer(2089858483,0ecaa5967403d082aa24f35e1b516d23)  -> (artifact id: '89b4655f9c6e86624aa9b73868079371') in 0.027533 seconds
Number of updated asset objects reloaded before import = 0
Number of asset objects unloaded after import = 1
========================================================================
Received Import Request.
  Time since last request: 0.000056 seconds.
  path: Assets/WoodFloor044_4K-JPG/WoodFloor044_4K-JPG_Displacement.jpg
  artifactKey: Guid(43f6b2ae1e0813f4997f7886bf6dc506) Importer(2089858483,0ecaa5967403d082aa24f35e1b516d23)
Start importing Assets/WoodFloor044_4K-JPG/WoodFloor044_4K-JPG_Displacement.jpg using Guid(43f6b2ae1e0813f4997f7886bf6dc506) Importer(2089858483,0ecaa5967403d082aa24f35e1b516d23)  -> (artifact id: '04f417681db0b41b9406cd776538a7ad') in 0.049431 seconds
Number of updated asset objects reloaded before import = 0
Number of asset objects unloaded after import = 1
========================================================================
Received Import Request.
  Time since last request: 0.000021 seconds.
  path: Assets/WoodFloor044_4K-JPG 1.zip
  artifactKey: Guid(2d86390741a1f9044b5e9b6d65732d79) Importer(2089858483,0ecaa5967403d082aa24f35e1b516d23)
Start importing Assets/WoodFloor044_4K-JPG 1.zip using Guid(2d86390741a1f9044b5e9b6d65732d79) Importer(2089858483,0ecaa5967403d082aa24f35e1b516d23)  -> (artifact id: 'a3d1aa1b3088aa5ff17c5715b5464926') in 0.014721 seconds
Number of updated asset objects reloaded before import = 0
Number of asset objects unloaded after import = 1
========================================================================
Received Import Request.
  Time since last request: 0.000080 seconds.
  path: Assets/Bricks093_2K-JPG/Bricks093_2K-JPG_NormalDX.jpg
  artifactKey: Guid(5a7da3b47bc93a446bab0e2ac51f4b81) Importer(2089858483,0ecaa5967403d082aa24f35e1b516d23)
Start importing Assets/Bricks093_2K-JPG/Bricks093_2K-JPG_NormalDX.jpg using Guid(5a7da3b47bc93a446bab0e2ac51f4b81) Importer(2089858483,0ecaa5967403d082aa24f35e1b516d23)  -> (artifact id: '1645dfa8ea6f08a66345118859281305') in 0.028271 seconds
Number of updated asset objects reloaded before import = 0
Number of asset objects unloaded after import = 1
========================================================================
Received Import Request.
  Time since last request: 0.000062 seconds.
  path: Assets/WoodFloor044_4K-JPG/WoodFloor044_4K-JPG_Roughness.jpg
  artifactKey: Guid(e17d2e0d31a99ce4aa4ddadbe5e0ebe5) Importer(2089858483,0ecaa5967403d082aa24f35e1b516d23)
Start importing Assets/WoodFloor044_4K-JPG/WoodFloor044_4K-JPG_Roughness.jpg using Guid(e17d2e0d31a99ce4aa4ddadbe5e0ebe5) Importer(2089858483,0ecaa5967403d082aa24f35e1b516d23)  -> (artifact id: 'a10b732198796dc3869497586ac5f358') in 0.039814 seconds
Number of updated asset objects reloaded before import = 0
Number of asset objects unloaded after import = 1
========================================================================
Received Import Request.
  Time since last request: 0.000018 seconds.
  path: Assets/TutorialInfo/Scripts/Editor/ReadmeEditor.cs
  artifactKey: Guid(476cc7d7cd9874016adc216baab94a0a) Importer(2089858483,0ecaa5967403d082aa24f35e1b516d23)
Start importing Assets/TutorialInfo/Scripts/Editor/ReadmeEditor.cs using Guid(476cc7d7cd9874016adc216baab94a0a) Importer(2089858483,0ecaa5967403d082aa24f35e1b516d23)  -> (artifact id: 'e55e423f397c06a1ee02dac0031fa848') in 0.012431 seconds
Number of updated asset objects reloaded before import = 0
Number of asset objects unloaded after import = 1
========================================================================
Received Import Request.
  Time since last request: 0.000022 seconds.
  path: Assets/Scenes/Animation/door.anim
  artifactKey: Guid(f78d2ba377386ee43ae8ea73af48dbac) Importer(2089858483,0ecaa5967403d082aa24f35e1b516d23)
Start importing Assets/Scenes/Animation/door.anim using Guid(f78d2ba377386ee43ae8ea73af48dbac) Importer(2089858483,0ecaa5967403d082aa24f35e1b516d23)  -> (artifact id: '9add05bcded9b7f37a506c47eebcb87f') in 0.015619 seconds
Number of updated asset objects reloaded before import = 0
Number of asset objects unloaded after import = 1
========================================================================
Received Import Request.
  Time since last request: 0.000021 seconds.
  path: Assets/Bricks093_2K-JPG/Bricks093_2K-JPG.usdc
  artifactKey: Guid(338fee70616bb064aaec15cf6d0b3691) Importer(2089858483,0ecaa5967403d082aa24f35e1b516d23)
Start importing Assets/Bricks093_2K-JPG/Bricks093_2K-JPG.usdc using Guid(338fee70616bb064aaec15cf6d0b3691) Importer(2089858483,0ecaa5967403d082aa24f35e1b516d23)  -> (artifact id: '6d2d90a62f77251b0349e945d3a09bd4') in 0.011644 seconds
Number of updated asset objects reloaded before import = 0
Number of asset objects unloaded after import = 1
========================================================================
Received Import Request.
  Time since last request: 0.000035 seconds.
  path: Assets/UniversalRenderPipelineGlobalSettings.asset
  artifactKey: Guid(18dc0cd2c080841dea60987a38ce93fa) Importer(2089858483,0ecaa5967403d082aa24f35e1b516d23)
Start importing Assets/UniversalRenderPipelineGlobalSettings.asset using Guid(18dc0cd2c080841dea60987a38ce93fa) Importer(2089858483,0ecaa5967403d082aa24f35e1b516d23)  -> (artifact id: '720247ff1474627e53a7f0ebe618e47f') in 0.014932 seconds
Number of updated asset objects reloaded before import = 0
Number of asset objects unloaded after import = 1
========================================================================
Received Import Request.
  Time since last request: 0.000023 seconds.
  path: Assets/RoofingTiles014A_2K-JPG/RoofingTiles014A_2K-JPG_Color.jpg
  artifactKey: Guid(4f091e0985f6262439dcd52390d9b0a5) Importer(2089858483,0ecaa5967403d082aa24f35e1b516d23)
Start importing Assets/RoofingTiles014A_2K-JPG/RoofingTiles014A_2K-JPG_Color.jpg using Guid(4f091e0985f6262439dcd52390d9b0a5) Importer(2089858483,0ecaa5967403d082aa24f35e1b516d23)  -> (artifact id: 'd4563cb7a0f7e7cb405695a1cd1cd186') in 0.020184 seconds
Number of updated asset objects reloaded before import = 0
Number of asset objects unloaded after import = 1
========================================================================
Received Import Request.
  Time since last request: 0.000032 seconds.
  path: Assets/RoofingTiles014A_2K-JPG/RoofingTiles014A_2K-JPG.mtlx
  artifactKey: Guid(f8fbf396545355143b24fc58a95424d9) Importer(2089858483,0ecaa5967403d082aa24f35e1b516d23)
Start importing Assets/RoofingTiles014A_2K-JPG/RoofingTiles014A_2K-JPG.mtlx using Guid(f8fbf396545355143b24fc58a95424d9) Importer(2089858483,0ecaa5967403d082aa24f35e1b516d23)  -> (artifact id: '2c57eb609e71e29e7968355304937302') in 0.010783 seconds
Number of updated asset objects reloaded before import = 0
Number of asset objects unloaded after import = 1
========================================================================
Received Import Request.
  Time since last request: 0.000029 seconds.
  path: Assets/RoofingTiles014A_2K-JPG/RoofingTiles014A_2K-JPG_AmbientOcclusion.jpg
  artifactKey: Guid(3bbe497d91ff7514f91a6c6d9f6d3122) Importer(2089858483,0ecaa5967403d082aa24f35e1b516d23)
Start importing Assets/RoofingTiles014A_2K-JPG/RoofingTiles014A_2K-JPG_AmbientOcclusion.jpg using Guid(3bbe497d91ff7514f91a6c6d9f6d3122) Importer(2089858483,0ecaa5967403d082aa24f35e1b516d23)  -> (artifact id: '549c6bbb9595439dfccc4929439b0d57') in 0.034111 seconds
Number of updated asset objects reloaded before import = 0
Number of asset objects unloaded after import = 1
========================================================================
Received Prepare
Begin MonoManager ReloadAssembly
- Loaded All Assemblies, in  0.654 seconds
Refreshing native plugins compatible for Editor in 5.74 ms, found 3 plugins.
Native extension for WindowsStandalone target not found
Native extension for WebGL target not found
[Package Manager] Server::EnsureServerProcessIsRunning -- launch failed, reason: Unity was launched with the -noUpm command-line argument
[Package Manager] UpmClient::Send -- Unable to send message (not connected to UPM process).
[Package Manager] Cannot connect to Unity Package Manager local server
Mono: successfully reloaded assembly
- Finished resetting the current domain, in  1.471 seconds
Domain Reload Profiling: 2122ms
	BeginReloadAssembly (196ms)
		ExecutionOrderSort (0ms)
		DisableScriptedObjects (4ms)
		BackupInstance (0ms)
		ReleaseScriptingObjects (0ms)
		CreateAndSetChildDomain (59ms)
	RebuildCommonClasses (45ms)
	RebuildNativeTypeToScriptingClass (16ms)
	initialDomainReloadingComplete (35ms)
	LoadAllAssembliesAndSetupDomain (358ms)
		LoadAssemblies (372ms)
		RebuildTransferFunctionScriptingTraits (0ms)
		AnalyzeDomain (87ms)
			TypeCache.Refresh (55ms)
				TypeCache.ScanAssembly (45ms)
			ScanForSourceGeneratedMonoScriptInfo (19ms)
			ResolveRequiredComponents (11ms)
	FinalizeReload (1472ms)
		ReleaseScriptCaches (0ms)
		RebuildScriptCaches (0ms)
		SetupLoadedEditorAssemblies (570ms)
			LogAssemblyErrors (0ms)
			InitializePlatformSupportModulesInManaged (5ms)
			SetLoadedEditorAssemblies (3ms)
			RefreshPlugins (0ms)
			BeforeProcessingInitializeOnLoad (75ms)
			ProcessInitializeOnLoadAttributes (395ms)
			ProcessInitializeOnLoadMethodAttributes (89ms)
			AfterProcessingInitializeOnLoad (2ms)
			EditorAssembliesLoaded (0ms)
		ExecutionOrderSort2 (0ms)
		AwakeInstancesAfterBackupRestoration (22ms)
Refreshing native plugins compatible for Editor in 6.02 ms, found 3 plugins.
Preloading 0 native plugins for Editor in 0.00 ms.
Unloading 5374 Unused Serialized files (Serialized files now loaded: 0)
Unloading 54 unused Assets / (2.0 MB). Loaded Objects now: 5982.
Memory consumption went from 191.5 MB to 189.4 MB.
Total: 5.353500 ms (FindLiveObjects: 0.484600 ms CreateObjectMapping: 0.434600 ms MarkObjects: 3.595400 ms  DeleteObjects: 0.837000 ms)

Prepare: number of updated asset objects reloaded= 0
AssetImportParameters requested are different than current active one (requested -> active):
  custom:container-demuxer-ogg: 62fdf1f143b41e24485cea50d1cbac27 -> 
  custom:video-codec-MediaFoundation-h265: 746d11721c4dcdbdad8f713fa42b33f4 -> 
  custom:video-decoder-ogg-theora: a1e56fd34408186e4bbccfd4996cb3dc -> 
  custom:framework-win-MediaFoundation: 216162199b28c13a410421893ffa2e32 -> 
  custom:CustomObjectIndexerAttribute: 72b91833f83ae208fae7752999fa3104 -> 
  custom:container-demuxer-webm: 4f35f7cbe854078d1ac9338744f61a02 -> 
  custom:container-muxer-webm: aa71ff27fc2769a1b78a27578f13a17b -> 
  custom:video-decoder-webm-vp8: 9c59270c3fd7afecdb556c50c9e8de78 -> 
  custom:SearchIndexIgnoredProperties: e643bd26f0fe6173181afceb89e7c659 -> 
  custom:AudioImporter_EditorPlatform: d09bf68614088b80899f8185d706f6e7 -> 
  custom:video-encoder-webm-vp8: eb34c28f22e8b96e1ab97ce403110664 -> 
  custom:audio-decoder-ogg-vorbis: bf7c407c2cedff20999df2af8eb42d56 -> 
  custom:audio-encoder-webm-vorbis: bf7c407c2cedff20999df2af8eb42d56 -> 
========================================================================
Received Prepare
Assembly with name 'Klak.Spout.Editor' already exists (Assets/KlakSpout-2.0.3/KlakSpout-2.0.3/Packages/jp.keijiro.klak.spout/Editor/Klak.Spout.Editor.asmdef)
Assembly with name 'Klak.Spout.Editor' already exists (Packages/jp.keijiro.klak.spout/Editor/Klak.Spout.Editor.asmdef)
Assembly with name 'Klak.Spout.Runtime' already exists (Assets/KlakSpout-2.0.3/KlakSpout-2.0.3/Packages/jp.keijiro.klak.spout/Runtime/Klak.Spout.Runtime.asmdef)
Assembly with name 'Klak.Spout.Runtime' already exists (Packages/jp.keijiro.klak.spout/Runtime/Klak.Spout.Runtime.asmdef)
Assembly with name 'Klak.Spout.Editor' already exists (Assets/KlakSpout-2.0.3/KlakSpout-2.0.3/Packages/jp.keijiro.klak.spout/Editor/Klak.Spout.Editor.asmdef)
Assembly with name 'Klak.Spout.Editor' already exists (Packages/jp.keijiro.klak.spout/Editor/Klak.Spout.Editor.asmdef)
Assembly with name 'Klak.Spout.Runtime' already exists (Assets/KlakSpout-2.0.3/KlakSpout-2.0.3/Packages/jp.keijiro.klak.spout/Runtime/Klak.Spout.Runtime.asmdef)
Assembly with name 'Klak.Spout.Runtime' already exists (Packages/jp.keijiro.klak.spout/Runtime/Klak.Spout.Runtime.asmdef)
Begin MonoManager ReloadAssembly
- Loaded All Assemblies, in  0.534 seconds
Refreshing native plugins compatible for Editor in 5.61 ms, found 4 plugins.
Native extension for WindowsStandalone target not found
Native extension for WebGL target not found
Assembly with name 'Klak.Spout.Editor' already exists (Assets/KlakSpout-2.0.3/KlakSpout-2.0.3/Packages/jp.keijiro.klak.spout/Editor/Klak.Spout.Editor.asmdef)
Assembly with name 'Klak.Spout.Editor' already exists (Packages/jp.keijiro.klak.spout/Editor/Klak.Spout.Editor.asmdef)
Assembly with name 'Klak.Spout.Runtime' already exists (Assets/KlakSpout-2.0.3/KlakSpout-2.0.3/Packages/jp.keijiro.klak.spout/Runtime/Klak.Spout.Runtime.asmdef)
Assembly with name 'Klak.Spout.Runtime' already exists (Packages/jp.keijiro.klak.spout/Runtime/Klak.Spout.Runtime.asmdef)
[Package Manager] Server::EnsureServerProcessIsRunning -- launch failed, reason: Unity was launched with the -noUpm command-line argument
[Package Manager] UpmClient::Send -- Unable to send message (not connected to UPM process).
[Package Manager] Cannot connect to Unity Package Manager local server
Mono: successfully reloaded assembly
- Finished resetting the current domain, in  1.669 seconds
Domain Reload Profiling: 2201ms
	BeginReloadAssembly (162ms)
		ExecutionOrderSort (0ms)
		DisableScriptedObjects (6ms)
		BackupInstance (0ms)
		ReleaseScriptingObjects (0ms)
		CreateAndSetChildDomain (48ms)
	RebuildCommonClasses (35ms)
	RebuildNativeTypeToScriptingClass (12ms)
	initialDomainReloadingComplete (26ms)
	LoadAllAssembliesAndSetupDomain (297ms)
		LoadAssemblies (315ms)
		RebuildTransferFunctionScriptingTraits (0ms)
		AnalyzeDomain (59ms)
			TypeCache.Refresh (9ms)
				TypeCache.ScanAssembly (0ms)
			ScanForSourceGeneratedMonoScriptInfo (38ms)
			ResolveRequiredComponents (11ms)
	FinalizeReload (1669ms)
		ReleaseScriptCaches (0ms)
		RebuildScriptCaches (0ms)
		SetupLoadedEditorAssemblies (526ms)
			LogAssemblyErrors (0ms)
			InitializePlatformSupportModulesInManaged (6ms)
			SetLoadedEditorAssemblies (4ms)
			RefreshPlugins (0ms)
			BeforeProcessingInitializeOnLoad (125ms)
			ProcessInitializeOnLoadAttributes (325ms)
			ProcessInitializeOnLoadMethodAttributes (64ms)
			AfterProcessingInitializeOnLoad (2ms)
			EditorAssembliesLoaded (0ms)
		ExecutionOrderSort2 (0ms)
		AwakeInstancesAfterBackupRestoration (16ms)
Refreshing native plugins compatible for Editor in 5.58 ms, found 4 plugins.
Preloading 0 native plugins for Editor in 0.00 ms.
Unloading 5392 Unused Serialized files (Serialized files now loaded: 0)
Unloading 56 unused Assets / (2.1 MB). Loaded Objects now: 5996.
Memory consumption went from 192.4 MB to 190.2 MB.
Total: 5.130100 ms (FindLiveObjects: 0.652000 ms CreateObjectMapping: 0.308800 ms MarkObjects: 3.418700 ms  DeleteObjects: 0.748100 ms)

Prepare: number of updated asset objects reloaded= 6
AssetImportParameters requested are different than current active one (requested -> active):
  custom:container-demuxer-ogg: 62fdf1f143b41e24485cea50d1cbac27 -> 
  custom:video-codec-MediaFoundation-h265: 746d11721c4dcdbdad8f713fa42b33f4 -> 
  custom:video-decoder-ogg-theora: a1e56fd34408186e4bbccfd4996cb3dc -> 
  custom:framework-win-MediaFoundation: 216162199b28c13a410421893ffa2e32 -> 
  custom:CustomObjectIndexerAttribute: 72b91833f83ae208fae7752999fa3104 -> 
  custom:container-demuxer-webm: 4f35f7cbe854078d1ac9338744f61a02 -> 
  custom:container-muxer-webm: aa71ff27fc2769a1b78a27578f13a17b -> 
  custom:video-decoder-webm-vp8: 9c59270c3fd7afecdb556c50c9e8de78 -> 
  custom:SearchIndexIgnoredProperties: e643bd26f0fe6173181afceb89e7c659 -> 
  custom:AudioImporter_EditorPlatform: d09bf68614088b80899f8185d706f6e7 -> 
  custom:video-encoder-webm-vp8: eb34c28f22e8b96e1ab97ce403110664 -> 
  custom:audio-decoder-ogg-vorbis: bf7c407c2cedff20999df2af8eb42d56 -> 
  custom:audio-encoder-webm-vorbis: bf7c407c2cedff20999df2af8eb42d56 -> 
========================================================================
Received Prepare
Assembly with name 'Klak.Spout.Editor' already exists (Assets/KlakSpout-2.0.3/KlakSpout-2.0.3/Packages/jp.keijiro.klak.spout/Editor/Klak.Spout.Editor.asmdef)
Assembly with name 'Klak.Spout.Editor' already exists (Packages/jp.keijiro.klak.spout/Editor/Klak.Spout.Editor.asmdef)
Assembly with name 'Klak.Spout.Runtime' already exists (Assets/KlakSpout-2.0.3/KlakSpout-2.0.3/Packages/jp.keijiro.klak.spout/Runtime/Klak.Spout.Runtime.asmdef)
Assembly with name 'Klak.Spout.Runtime' already exists (Packages/jp.keijiro.klak.spout/Runtime/Klak.Spout.Runtime.asmdef)
Assembly with name 'Klak.Spout.Editor' already exists (Assets/KlakSpout-2.0.3/KlakSpout-2.0.3/Packages/jp.keijiro.klak.spout/Editor/Klak.Spout.Editor.asmdef)
Assembly with name 'Klak.Spout.Editor' already exists (Packages/jp.keijiro.klak.spout/Editor/Klak.Spout.Editor.asmdef)
Assembly with name 'Klak.Spout.Runtime' already exists (Assets/KlakSpout-2.0.3/KlakSpout-2.0.3/Packages/jp.keijiro.klak.spout/Runtime/Klak.Spout.Runtime.asmdef)
Assembly with name 'Klak.Spout.Runtime' already exists (Packages/jp.keijiro.klak.spout/Runtime/Klak.Spout.Runtime.asmdef)
Begin MonoManager ReloadAssembly
- Loaded All Assemblies, in  5.470 seconds
Refreshing native plugins compatible for Editor in 9.49 ms, found 4 plugins.
Native extension for WindowsStandalone target not found
Native extension for WebGL target not found
Assembly with name 'Klak.Spout.Editor' already exists (Assets/KlakSpout-2.0.3/KlakSpout-2.0.3/Packages/jp.keijiro.klak.spout/Editor/Klak.Spout.Editor.asmdef)
Assembly with name 'Klak.Spout.Editor' already exists (Packages/jp.keijiro.klak.spout/Editor/Klak.Spout.Editor.asmdef)
Assembly with name 'Klak.Spout.Runtime' already exists (Assets/KlakSpout-2.0.3/KlakSpout-2.0.3/Packages/jp.keijiro.klak.spout/Runtime/Klak.Spout.Runtime.asmdef)
Assembly with name 'Klak.Spout.Runtime' already exists (Packages/jp.keijiro.klak.spout/Runtime/Klak.Spout.Runtime.asmdef)
[Package Manager] Server::EnsureServerProcessIsRunning -- launch failed, reason: Unity was launched with the -noUpm command-line argument
[Package Manager] UpmClient::Send -- Unable to send message (not connected to UPM process).
[Package Manager] Cannot connect to Unity Package Manager local server
Mono: successfully reloaded assembly
- Finished resetting the current domain, in 29.066 seconds
Domain Reload Profiling: 34534ms
	BeginReloadAssembly (1687ms)
		ExecutionOrderSort (0ms)
		DisableScriptedObjects (4ms)
		BackupInstance (0ms)
		ReleaseScriptingObjects (0ms)
		CreateAndSetChildDomain (60ms)
	RebuildCommonClasses (218ms)
	RebuildNativeTypeToScriptingClass (18ms)
	initialDomainReloadingComplete (46ms)
	LoadAllAssembliesAndSetupDomain (3499ms)
		LoadAssemblies (5052ms)
		RebuildTransferFunctionScriptingTraits (0ms)
		AnalyzeDomain (30ms)
			TypeCache.Refresh (10ms)
				TypeCache.ScanAssembly (0ms)
			ScanForSourceGeneratedMonoScriptInfo (0ms)
			ResolveRequiredComponents (18ms)
	FinalizeReload (29067ms)
		ReleaseScriptCaches (0ms)
		RebuildScriptCaches (0ms)
		SetupLoadedEditorAssemblies (718ms)
			LogAssemblyErrors (0ms)
			InitializePlatformSupportModulesInManaged (7ms)
			SetLoadedEditorAssemblies (5ms)
			RefreshPlugins (0ms)
			BeforeProcessingInitializeOnLoad (146ms)
			ProcessInitializeOnLoadAttributes (459ms)
			ProcessInitializeOnLoadMethodAttributes (97ms)
			AfterProcessingInitializeOnLoad (2ms)
			EditorAssembliesLoaded (0ms)
		ExecutionOrderSort2 (0ms)
		AwakeInstancesAfterBackupRestoration (26ms)
Refreshing native plugins compatible for Editor in 8.11 ms, found 4 plugins.
Preloading 0 native plugins for Editor in 0.00 ms.
Unloading 5392 Unused Serialized files (Serialized files now loaded: 0)
Unloading 56 unused Assets / (2.1 MB). Loaded Objects now: 6000.
Memory consumption went from 192.4 MB to 190.2 MB.
Total: 7.181700 ms (FindLiveObjects: 0.631800 ms CreateObjectMapping: 0.220800 ms MarkObjects: 4.561400 ms  DeleteObjects: 1.765800 ms)

Prepare: number of updated asset objects reloaded= 0
AssetImportParameters requested are different than current active one (requested -> active):
  custom:container-demuxer-ogg: 62fdf1f143b41e24485cea50d1cbac27 -> 
  custom:video-codec-MediaFoundation-h265: 746d11721c4dcdbdad8f713fa42b33f4 -> 
  custom:video-decoder-ogg-theora: a1e56fd34408186e4bbccfd4996cb3dc -> 
  custom:framework-win-MediaFoundation: 216162199b28c13a410421893ffa2e32 -> 
  custom:CustomObjectIndexerAttribute: 72b91833f83ae208fae7752999fa3104 -> 
  custom:container-demuxer-webm: 4f35f7cbe854078d1ac9338744f61a02 -> 
  custom:container-muxer-webm: aa71ff27fc2769a1b78a27578f13a17b -> 
  custom:video-decoder-webm-vp8: 9c59270c3fd7afecdb556c50c9e8de78 -> 
  custom:SearchIndexIgnoredProperties: e643bd26f0fe6173181afceb89e7c659 -> 
  custom:AudioImporter_EditorPlatform: d09bf68614088b80899f8185d706f6e7 -> 
  custom:video-encoder-webm-vp8: eb34c28f22e8b96e1ab97ce403110664 -> 
  custom:audio-decoder-ogg-vorbis: bf7c407c2cedff20999df2af8eb42d56 -> 
  custom:audio-encoder-webm-vorbis: bf7c407c2cedff20999df2af8eb42d56 -> 
========================================================================
Received Prepare
Assembly with name 'Klak.Spout.Editor' already exists (Assets/KlakSpout-2.0.3/KlakSpout-2.0.3/Packages/jp.keijiro.klak.spout/Editor/Klak.Spout.Editor.asmdef)
Assembly with name 'Klak.Spout.Editor' already exists (Packages/jp.keijiro.klak.spout/Editor/Klak.Spout.Editor.asmdef)
Assembly with name 'Klak.Spout.Runtime' already exists (Assets/KlakSpout-2.0.3/KlakSpout-2.0.3/Packages/jp.keijiro.klak.spout/Runtime/Klak.Spout.Runtime.asmdef)
Assembly with name 'Klak.Spout.Runtime' already exists (Packages/jp.keijiro.klak.spout/Runtime/Klak.Spout.Runtime.asmdef)
Assembly with name 'Klak.Spout.Editor' already exists (Assets/KlakSpout-2.0.3/KlakSpout-2.0.3/Packages/jp.keijiro.klak.spout/Editor/Klak.Spout.Editor.asmdef)
Assembly with name 'Klak.Spout.Editor' already exists (Packages/jp.keijiro.klak.spout/Editor/Klak.Spout.Editor.asmdef)
Assembly with name 'Klak.Spout.Runtime' already exists (Assets/KlakSpout-2.0.3/KlakSpout-2.0.3/Packages/jp.keijiro.klak.spout/Runtime/Klak.Spout.Runtime.asmdef)
Assembly with name 'Klak.Spout.Runtime' already exists (Packages/jp.keijiro.klak.spout/Runtime/Klak.Spout.Runtime.asmdef)
Begin MonoManager ReloadAssembly
- Loaded All Assemblies, in  0.747 seconds
Refreshing native plugins compatible for Editor in 8.43 ms, found 4 plugins.
Native extension for WindowsStandalone target not found
Native extension for WebGL target not found
Assembly with name 'Klak.Spout.Editor' already exists (Assets/KlakSpout-2.0.3/KlakSpout-2.0.3/Packages/jp.keijiro.klak.spout/Editor/Klak.Spout.Editor.asmdef)
Assembly with name 'Klak.Spout.Editor' already exists (Packages/jp.keijiro.klak.spout/Editor/Klak.Spout.Editor.asmdef)
Assembly with name 'Klak.Spout.Runtime' already exists (Assets/KlakSpout-2.0.3/KlakSpout-2.0.3/Packages/jp.keijiro.klak.spout/Runtime/Klak.Spout.Runtime.asmdef)
Assembly with name 'Klak.Spout.Runtime' already exists (Packages/jp.keijiro.klak.spout/Runtime/Klak.Spout.Runtime.asmdef)
[Package Manager] Server::EnsureServerProcessIsRunning -- launch failed, reason: Unity was launched with the -noUpm command-line argument
[Package Manager] UpmClient::Send -- Unable to send message (not connected to UPM process).
[Package Manager] Cannot connect to Unity Package Manager local server
Mono: successfully reloaded assembly
- Finished resetting the current domain, in  1.849 seconds
Domain Reload Profiling: 2595ms
	BeginReloadAssembly (225ms)
		ExecutionOrderSort (0ms)
		DisableScriptedObjects (5ms)
		BackupInstance (0ms)
		ReleaseScriptingObjects (0ms)
		CreateAndSetChildDomain (66ms)
	RebuildCommonClasses (44ms)
	RebuildNativeTypeToScriptingClass (13ms)
	initialDomainReloadingComplete (36ms)
	LoadAllAssembliesAndSetupDomain (427ms)
		LoadAssemblies (514ms)
		RebuildTransferFunctionScriptingTraits (0ms)
		AnalyzeDomain (32ms)
			TypeCache.Refresh (12ms)
				TypeCache.ScanAssembly (0ms)
			ScanForSourceGeneratedMonoScriptInfo (0ms)
			ResolveRequiredComponents (18ms)
	FinalizeReload (1850ms)
		ReleaseScriptCaches (0ms)
		RebuildScriptCaches (0ms)
		SetupLoadedEditorAssemblies (582ms)
			LogAssemblyErrors (0ms)
			InitializePlatformSupportModulesInManaged (6ms)
			SetLoadedEditorAssemblies (4ms)
			RefreshPlugins (0ms)
			BeforeProcessingInitializeOnLoad (119ms)
			ProcessInitializeOnLoadAttributes (372ms)
			ProcessInitializeOnLoadMethodAttributes (79ms)
			AfterProcessingInitializeOnLoad (2ms)
			EditorAssembliesLoaded (0ms)
		ExecutionOrderSort2 (0ms)
		AwakeInstancesAfterBackupRestoration (21ms)
Refreshing native plugins compatible for Editor in 8.00 ms, found 4 plugins.
Preloading 0 native plugins for Editor in 0.00 ms.
Unloading 5392 Unused Serialized files (Serialized files now loaded: 0)
Unloading 56 unused Assets / (2.1 MB). Loaded Objects now: 6004.
Memory consumption went from 192.4 MB to 190.2 MB.
Total: 8.492400 ms (FindLiveObjects: 1.021100 ms CreateObjectMapping: 0.567700 ms MarkObjects: 5.565700 ms  DeleteObjects: 1.335300 ms)

Prepare: number of updated asset objects reloaded= 0
AssetImportParameters requested are different than current active one (requested -> active):
  custom:container-demuxer-ogg: 62fdf1f143b41e24485cea50d1cbac27 -> 
  custom:video-codec-MediaFoundation-h265: 746d11721c4dcdbdad8f713fa42b33f4 -> 
  custom:video-decoder-ogg-theora: a1e56fd34408186e4bbccfd4996cb3dc -> 
  custom:framework-win-MediaFoundation: 216162199b28c13a410421893ffa2e32 -> 
  custom:CustomObjectIndexerAttribute: 72b91833f83ae208fae7752999fa3104 -> 
  custom:container-demuxer-webm: 4f35f7cbe854078d1ac9338744f61a02 -> 
  custom:container-muxer-webm: aa71ff27fc2769a1b78a27578f13a17b -> 
  custom:video-decoder-webm-vp8: 9c59270c3fd7afecdb556c50c9e8de78 -> 
  custom:SearchIndexIgnoredProperties: e643bd26f0fe6173181afceb89e7c659 -> 
  custom:AudioImporter_EditorPlatform: d09bf68614088b80899f8185d706f6e7 -> 
  custom:video-encoder-webm-vp8: eb34c28f22e8b96e1ab97ce403110664 -> 
  custom:audio-decoder-ogg-vorbis: bf7c407c2cedff20999df2af8eb42d56 -> 
  custom:audio-encoder-webm-vorbis: bf7c407c2cedff20999df2af8eb42d56 -> 
========================================================================
Received Prepare
Assembly with name 'Klak.Spout.Editor' already exists (Assets/KlakSpout-2.0.3/KlakSpout-2.0.3/Packages/jp.keijiro.klak.spout/Editor/Klak.Spout.Editor.asmdef)
Assembly with name 'Klak.Spout.Editor' already exists (Packages/jp.keijiro.klak.spout/Editor/Klak.Spout.Editor.asmdef)
Assembly with name 'Klak.Spout.Runtime' already exists (Assets/KlakSpout-2.0.3/KlakSpout-2.0.3/Packages/jp.keijiro.klak.spout/Runtime/Klak.Spout.Runtime.asmdef)
Assembly with name 'Klak.Spout.Runtime' already exists (Packages/jp.keijiro.klak.spout/Runtime/Klak.Spout.Runtime.asmdef)
Assembly with name 'Klak.Spout.Editor' already exists (Assets/KlakSpout-2.0.3/KlakSpout-2.0.3/Packages/jp.keijiro.klak.spout/Editor/Klak.Spout.Editor.asmdef)
Assembly with name 'Klak.Spout.Editor' already exists (Packages/jp.keijiro.klak.spout/Editor/Klak.Spout.Editor.asmdef)
Assembly with name 'Klak.Spout.Runtime' already exists (Assets/KlakSpout-2.0.3/KlakSpout-2.0.3/Packages/jp.keijiro.klak.spout/Runtime/Klak.Spout.Runtime.asmdef)
Assembly with name 'Klak.Spout.Runtime' already exists (Packages/jp.keijiro.klak.spout/Runtime/Klak.Spout.Runtime.asmdef)
Begin MonoManager ReloadAssembly
- Loaded All Assemblies, in  0.542 seconds
Refreshing native plugins compatible for Editor in 6.57 ms, found 4 plugins.
Native extension for WindowsStandalone target not found
Native extension for WebGL target not found
Assembly with name 'Klak.Spout.Editor' already exists (Assets/KlakSpout-2.0.3/KlakSpout-2.0.3/Packages/jp.keijiro.klak.spout/Editor/Klak.Spout.Editor.asmdef)
Assembly with name 'Klak.Spout.Editor' already exists (Packages/jp.keijiro.klak.spout/Editor/Klak.Spout.Editor.asmdef)
Assembly with name 'Klak.Spout.Runtime' already exists (Assets/KlakSpout-2.0.3/KlakSpout-2.0.3/Packages/jp.keijiro.klak.spout/Runtime/Klak.Spout.Runtime.asmdef)
Assembly with name 'Klak.Spout.Runtime' already exists (Packages/jp.keijiro.klak.spout/Runtime/Klak.Spout.Runtime.asmdef)
[Package Manager] Server::EnsureServerProcessIsRunning -- launch failed, reason: Unity was launched with the -noUpm command-line argument
[Package Manager] UpmClient::Send -- Unable to send message (not connected to UPM process).
[Package Manager] Cannot connect to Unity Package Manager local server
Mono: successfully reloaded assembly
- Finished resetting the current domain, in  1.629 seconds
Domain Reload Profiling: 2168ms
	BeginReloadAssembly (163ms)
		ExecutionOrderSort (0ms)
		DisableScriptedObjects (4ms)
		BackupInstance (0ms)
		ReleaseScriptingObjects (0ms)
		CreateAndSetChildDomain (44ms)
	RebuildCommonClasses (41ms)
	RebuildNativeTypeToScriptingClass (12ms)
	initialDomainReloadingComplete (33ms)
	LoadAllAssembliesAndSetupDomain (289ms)
		LoadAssemblies (348ms)
		RebuildTransferFunctionScriptingTraits (0ms)
		AnalyzeDomain (24ms)
			TypeCache.Refresh (7ms)
				TypeCache.ScanAssembly (0ms)
			ScanForSourceGeneratedMonoScriptInfo (0ms)
			ResolveRequiredComponents (14ms)
	FinalizeReload (1629ms)
		ReleaseScriptCaches (0ms)
		RebuildScriptCaches (0ms)
		SetupLoadedEditorAssemblies (473ms)
			LogAssemblyErrors (0ms)
			InitializePlatformSupportModulesInManaged (5ms)
			SetLoadedEditorAssemblies (3ms)
			RefreshPlugins (0ms)
			BeforeProcessingInitializeOnLoad (96ms)
			ProcessInitializeOnLoadAttributes (305ms)
			ProcessInitializeOnLoadMethodAttributes (60ms)
			AfterProcessingInitializeOnLoad (2ms)
			EditorAssembliesLoaded (0ms)
		ExecutionOrderSort2 (0ms)
		AwakeInstancesAfterBackupRestoration (16ms)
Refreshing native plugins compatible for Editor in 6.65 ms, found 4 plugins.
Preloading 0 native plugins for Editor in 0.00 ms.
Unloading 5392 Unused Serialized files (Serialized files now loaded: 0)
Unloading 56 unused Assets / (2.1 MB). Loaded Objects now: 6008.
Memory consumption went from 192.4 MB to 190.2 MB.
Total: 6.272100 ms (FindLiveObjects: 0.603200 ms CreateObjectMapping: 0.363500 ms MarkObjects: 3.912900 ms  DeleteObjects: 1.390900 ms)

Prepare: number of updated asset objects reloaded= 0
AssetImportParameters requested are different than current active one (requested -> active):
  custom:container-demuxer-ogg: 62fdf1f143b41e24485cea50d1cbac27 -> 
  custom:video-codec-MediaFoundation-h265: 746d11721c4dcdbdad8f713fa42b33f4 -> 
  custom:video-decoder-ogg-theora: a1e56fd34408186e4bbccfd4996cb3dc -> 
  custom:framework-win-MediaFoundation: 216162199b28c13a410421893ffa2e32 -> 
  custom:CustomObjectIndexerAttribute: 72b91833f83ae208fae7752999fa3104 -> 
  custom:container-demuxer-webm: 4f35f7cbe854078d1ac9338744f61a02 -> 
  custom:container-muxer-webm: aa71ff27fc2769a1b78a27578f13a17b -> 
  custom:video-decoder-webm-vp8: 9c59270c3fd7afecdb556c50c9e8de78 -> 
  custom:SearchIndexIgnoredProperties: e643bd26f0fe6173181afceb89e7c659 -> 
  custom:AudioImporter_EditorPlatform: d09bf68614088b80899f8185d706f6e7 -> 
  custom:video-encoder-webm-vp8: eb34c28f22e8b96e1ab97ce403110664 -> 
  custom:audio-decoder-ogg-vorbis: bf7c407c2cedff20999df2af8eb42d56 -> 
  custom:audio-encoder-webm-vorbis: bf7c407c2cedff20999df2af8eb42d56 -> 
========================================================================
Received Prepare
Assembly with name 'Klak.Spout.Editor' already exists (Assets/KlakSpout-2.0.3/KlakSpout-2.0.3/Packages/jp.keijiro.klak.spout/Editor/Klak.Spout.Editor.asmdef)
Assembly with name 'Klak.Spout.Editor' already exists (Packages/jp.keijiro.klak.spout/Editor/Klak.Spout.Editor.asmdef)
Assembly with name 'Klak.Spout.Runtime' already exists (Assets/KlakSpout-2.0.3/KlakSpout-2.0.3/Packages/jp.keijiro.klak.spout/Runtime/Klak.Spout.Runtime.asmdef)
Assembly with name 'Klak.Spout.Runtime' already exists (Packages/jp.keijiro.klak.spout/Runtime/Klak.Spout.Runtime.asmdef)
Assembly with name 'Klak.Spout.Editor' already exists (Assets/KlakSpout-2.0.3/KlakSpout-2.0.3/Packages/jp.keijiro.klak.spout/Editor/Klak.Spout.Editor.asmdef)
Assembly with name 'Klak.Spout.Editor' already exists (Packages/jp.keijiro.klak.spout/Editor/Klak.Spout.Editor.asmdef)
Assembly with name 'Klak.Spout.Runtime' already exists (Assets/KlakSpout-2.0.3/KlakSpout-2.0.3/Packages/jp.keijiro.klak.spout/Runtime/Klak.Spout.Runtime.asmdef)
Assembly with name 'Klak.Spout.Runtime' already exists (Packages/jp.keijiro.klak.spout/Runtime/Klak.Spout.Runtime.asmdef)
Begin MonoManager ReloadAssembly
- Loaded All Assemblies, in  0.529 seconds
Refreshing native plugins compatible for Editor in 7.24 ms, found 4 plugins.
Native extension for WindowsStandalone target not found
Native extension for WebGL target not found
Assembly with name 'Klak.Spout.Editor' already exists (Assets/KlakSpout-2.0.3/KlakSpout-2.0.3/Packages/jp.keijiro.klak.spout/Editor/Klak.Spout.Editor.asmdef)
Assembly with name 'Klak.Spout.Editor' already exists (Packages/jp.keijiro.klak.spout/Editor/Klak.Spout.Editor.asmdef)
Assembly with name 'Klak.Spout.Runtime' already exists (Assets/KlakSpout-2.0.3/KlakSpout-2.0.3/Packages/jp.keijiro.klak.spout/Runtime/Klak.Spout.Runtime.asmdef)
Assembly with name 'Klak.Spout.Runtime' already exists (Packages/jp.keijiro.klak.spout/Runtime/Klak.Spout.Runtime.asmdef)
[Package Manager] Server::EnsureServerProcessIsRunning -- launch failed, reason: Unity was launched with the -noUpm command-line argument
[Package Manager] UpmClient::Send -- Unable to send message (not connected to UPM process).
[Package Manager] Cannot connect to Unity Package Manager local server
Mono: successfully reloaded assembly
- Finished resetting the current domain, in  1.782 seconds
Domain Reload Profiling: 2310ms
	BeginReloadAssembly (167ms)
		ExecutionOrderSort (0ms)
		DisableScriptedObjects (5ms)
		BackupInstance (0ms)
		ReleaseScriptingObjects (0ms)
		CreateAndSetChildDomain (44ms)
	RebuildCommonClasses (51ms)
	RebuildNativeTypeToScriptingClass (17ms)
	initialDomainReloadingComplete (26ms)
	LoadAllAssembliesAndSetupDomain (266ms)
		LoadAssemblies (334ms)
		RebuildTransferFunctionScriptingTraits (0ms)
		AnalyzeDomain (19ms)
			TypeCache.Refresh (6ms)
				TypeCache.ScanAssembly (0ms)
			ScanForSourceGeneratedMonoScriptInfo (0ms)
			ResolveRequiredComponents (12ms)
	FinalizeReload (1783ms)
		ReleaseScriptCaches (0ms)
		RebuildScriptCaches (0ms)
		SetupLoadedEditorAssemblies (638ms)
			LogAssemblyErrors (0ms)
			InitializePlatformSupportModulesInManaged (7ms)
			SetLoadedEditorAssemblies (5ms)
			RefreshPlugins (0ms)
			BeforeProcessingInitializeOnLoad (125ms)
			ProcessInitializeOnLoadAttributes (409ms)
			ProcessInitializeOnLoadMethodAttributes (90ms)
			AfterProcessingInitializeOnLoad (2ms)
			EditorAssembliesLoaded (0ms)
		ExecutionOrderSort2 (0ms)
		AwakeInstancesAfterBackupRestoration (24ms)
Refreshing native plugins compatible for Editor in 8.53 ms, found 4 plugins.
Preloading 0 native plugins for Editor in 0.00 ms.
Unloading 5392 Unused Serialized files (Serialized files now loaded: 0)
Unloading 56 unused Assets / (2.1 MB). Loaded Objects now: 6012.
Memory consumption went from 192.4 MB to 190.2 MB.
Total: 6.578300 ms (FindLiveObjects: 1.052800 ms CreateObjectMapping: 0.315700 ms MarkObjects: 3.749700 ms  DeleteObjects: 1.458700 ms)

Prepare: number of updated asset objects reloaded= 0
AssetImportParameters requested are different than current active one (requested -> active):
  custom:container-demuxer-ogg: 62fdf1f143b41e24485cea50d1cbac27 -> 
  custom:video-codec-MediaFoundation-h265: 746d11721c4dcdbdad8f713fa42b33f4 -> 
  custom:video-decoder-ogg-theora: a1e56fd34408186e4bbccfd4996cb3dc -> 
  custom:framework-win-MediaFoundation: 216162199b28c13a410421893ffa2e32 -> 
  custom:CustomObjectIndexerAttribute: 72b91833f83ae208fae7752999fa3104 -> 
  custom:container-demuxer-webm: 4f35f7cbe854078d1ac9338744f61a02 -> 
  custom:container-muxer-webm: aa71ff27fc2769a1b78a27578f13a17b -> 
  custom:video-decoder-webm-vp8: 9c59270c3fd7afecdb556c50c9e8de78 -> 
  custom:SearchIndexIgnoredProperties: e643bd26f0fe6173181afceb89e7c659 -> 
  custom:AudioImporter_EditorPlatform: d09bf68614088b80899f8185d706f6e7 -> 
  custom:video-encoder-webm-vp8: eb34c28f22e8b96e1ab97ce403110664 -> 
  custom:audio-decoder-ogg-vorbis: bf7c407c2cedff20999df2af8eb42d56 -> 
  custom:audio-encoder-webm-vorbis: bf7c407c2cedff20999df2af8eb42d56 -> 
========================================================================
Received Prepare
Assembly with name 'Klak.Spout.Editor' already exists (Assets/KlakSpout-2.0.3/KlakSpout-2.0.3/Packages/jp.keijiro.klak.spout/Editor/Klak.Spout.Editor.asmdef)
Assembly with name 'Klak.Spout.Editor' already exists (Packages/jp.keijiro.klak.spout/Editor/Klak.Spout.Editor.asmdef)
Assembly with name 'Klak.Spout.Runtime' already exists (Assets/KlakSpout-2.0.3/KlakSpout-2.0.3/Packages/jp.keijiro.klak.spout/Runtime/Klak.Spout.Runtime.asmdef)
Assembly with name 'Klak.Spout.Runtime' already exists (Packages/jp.keijiro.klak.spout/Runtime/Klak.Spout.Runtime.asmdef)
Assembly with name 'Klak.Spout.Editor' already exists (Assets/KlakSpout-2.0.3/KlakSpout-2.0.3/Packages/jp.keijiro.klak.spout/Editor/Klak.Spout.Editor.asmdef)
Assembly with name 'Klak.Spout.Editor' already exists (Packages/jp.keijiro.klak.spout/Editor/Klak.Spout.Editor.asmdef)
Assembly with name 'Klak.Spout.Runtime' already exists (Assets/KlakSpout-2.0.3/KlakSpout-2.0.3/Packages/jp.keijiro.klak.spout/Runtime/Klak.Spout.Runtime.asmdef)
Assembly with name 'Klak.Spout.Runtime' already exists (Packages/jp.keijiro.klak.spout/Runtime/Klak.Spout.Runtime.asmdef)
Begin MonoManager ReloadAssembly
- Loaded All Assemblies, in  0.527 seconds
Refreshing native plugins compatible for Editor in 8.58 ms, found 4 plugins.
Native extension for WindowsStandalone target not found
Native extension for WebGL target not found
Assembly with name 'Klak.Spout.Editor' already exists (Assets/KlakSpout-2.0.3/KlakSpout-2.0.3/Packages/jp.keijiro.klak.spout/Editor/Klak.Spout.Editor.asmdef)
Assembly with name 'Klak.Spout.Editor' already exists (Packages/jp.keijiro.klak.spout/Editor/Klak.Spout.Editor.asmdef)
Assembly with name 'Klak.Spout.Runtime' already exists (Assets/KlakSpout-2.0.3/KlakSpout-2.0.3/Packages/jp.keijiro.klak.spout/Runtime/Klak.Spout.Runtime.asmdef)
Assembly with name 'Klak.Spout.Runtime' already exists (Packages/jp.keijiro.klak.spout/Runtime/Klak.Spout.Runtime.asmdef)
[Package Manager] Server::EnsureServerProcessIsRunning -- launch failed, reason: Unity was launched with the -noUpm command-line argument
[Package Manager] UpmClient::Send -- Unable to send message (not connected to UPM process).
[Package Manager] Cannot connect to Unity Package Manager local server
Mono: successfully reloaded assembly
- Finished resetting the current domain, in  2.018 seconds
Domain Reload Profiling: 2542ms
	BeginReloadAssembly (167ms)
		ExecutionOrderSort (0ms)
		DisableScriptedObjects (4ms)
		BackupInstance (0ms)
		ReleaseScriptingObjects (0ms)
		CreateAndSetChildDomain (44ms)
	RebuildCommonClasses (37ms)
	RebuildNativeTypeToScriptingClass (12ms)
	initialDomainReloadingComplete (28ms)
	LoadAllAssembliesAndSetupDomain (280ms)
		LoadAssemblies (343ms)
		RebuildTransferFunctionScriptingTraits (0ms)
		AnalyzeDomain (24ms)
			TypeCache.Refresh (7ms)
				TypeCache.ScanAssembly (0ms)
			ScanForSourceGeneratedMonoScriptInfo (0ms)
			ResolveRequiredComponents (15ms)
	FinalizeReload (2019ms)
		ReleaseScriptCaches (0ms)
		RebuildScriptCaches (0ms)
		SetupLoadedEditorAssemblies (739ms)
			LogAssemblyErrors (0ms)
			InitializePlatformSupportModulesInManaged (8ms)
			SetLoadedEditorAssemblies (8ms)
			RefreshPlugins (0ms)
			BeforeProcessingInitializeOnLoad (148ms)
			ProcessInitializeOnLoadAttributes (469ms)
			ProcessInitializeOnLoadMethodAttributes (104ms)
			AfterProcessingInitializeOnLoad (2ms)
			EditorAssembliesLoaded (0ms)
		ExecutionOrderSort2 (0ms)
		AwakeInstancesAfterBackupRestoration (27ms)
Refreshing native plugins compatible for Editor in 8.41 ms, found 4 plugins.
Preloading 0 native plugins for Editor in 0.00 ms.
Unloading 5392 Unused Serialized files (Serialized files now loaded: 0)
Unloading 56 unused Assets / (2.1 MB). Loaded Objects now: 6016.
Memory consumption went from 192.4 MB to 190.2 MB.
Total: 7.829800 ms (FindLiveObjects: 1.505500 ms CreateObjectMapping: 0.858600 ms MarkObjects: 4.020300 ms  DeleteObjects: 1.443000 ms)

Prepare: number of updated asset objects reloaded= 0
AssetImportParameters requested are different than current active one (requested -> active):
  custom:container-demuxer-ogg: 62fdf1f143b41e24485cea50d1cbac27 -> 
  custom:video-codec-MediaFoundation-h265: 746d11721c4dcdbdad8f713fa42b33f4 -> 
  custom:video-decoder-ogg-theora: a1e56fd34408186e4bbccfd4996cb3dc -> 
  custom:framework-win-MediaFoundation: 216162199b28c13a410421893ffa2e32 -> 
  custom:CustomObjectIndexerAttribute: 72b91833f83ae208fae7752999fa3104 -> 
  custom:container-demuxer-webm: 4f35f7cbe854078d1ac9338744f61a02 -> 
  custom:container-muxer-webm: aa71ff27fc2769a1b78a27578f13a17b -> 
  custom:video-decoder-webm-vp8: 9c59270c3fd7afecdb556c50c9e8de78 -> 
  custom:SearchIndexIgnoredProperties: e643bd26f0fe6173181afceb89e7c659 -> 
  custom:AudioImporter_EditorPlatform: d09bf68614088b80899f8185d706f6e7 -> 
  custom:video-encoder-webm-vp8: eb34c28f22e8b96e1ab97ce403110664 -> 
  custom:audio-decoder-ogg-vorbis: bf7c407c2cedff20999df2af8eb42d56 -> 
  custom:audio-encoder-webm-vorbis: bf7c407c2cedff20999df2af8eb42d56 -> 
========================================================================
Received Prepare
Assembly with name 'Klak.Spout.Editor' already exists (Assets/KlakSpout-2.0.3/KlakSpout-2.0.3/Packages/jp.keijiro.klak.spout/Editor/Klak.Spout.Editor.asmdef)
Assembly with name 'Klak.Spout.Editor' already exists (Packages/jp.keijiro.klak.spout/Editor/Klak.Spout.Editor.asmdef)
Assembly with name 'Klak.Spout.Runtime' already exists (Assets/KlakSpout-2.0.3/KlakSpout-2.0.3/Packages/jp.keijiro.klak.spout/Runtime/Klak.Spout.Runtime.asmdef)
Assembly with name 'Klak.Spout.Runtime' already exists (Packages/jp.keijiro.klak.spout/Runtime/Klak.Spout.Runtime.asmdef)
Assembly with name 'Klak.Spout.Editor' already exists (Assets/KlakSpout-2.0.3/KlakSpout-2.0.3/Packages/jp.keijiro.klak.spout/Editor/Klak.Spout.Editor.asmdef)
Assembly with name 'Klak.Spout.Editor' already exists (Packages/jp.keijiro.klak.spout/Editor/Klak.Spout.Editor.asmdef)
Assembly with name 'Klak.Spout.Runtime' already exists (Assets/KlakSpout-2.0.3/KlakSpout-2.0.3/Packages/jp.keijiro.klak.spout/Runtime/Klak.Spout.Runtime.asmdef)
Assembly with name 'Klak.Spout.Runtime' already exists (Packages/jp.keijiro.klak.spout/Runtime/Klak.Spout.Runtime.asmdef)
Begin MonoManager ReloadAssembly
- Loaded All Assemblies, in  0.763 seconds
Refreshing native plugins compatible for Editor in 9.32 ms, found 4 plugins.
Native extension for WindowsStandalone target not found
Native extension for WebGL target not found
Assembly with name 'Klak.Spout.Editor' already exists (Assets/KlakSpout-2.0.3/KlakSpout-2.0.3/Packages/jp.keijiro.klak.spout/Editor/Klak.Spout.Editor.asmdef)
Assembly with name 'Klak.Spout.Editor' already exists (Packages/jp.keijiro.klak.spout/Editor/Klak.Spout.Editor.asmdef)
Assembly with name 'Klak.Spout.Runtime' already exists (Assets/KlakSpout-2.0.3/KlakSpout-2.0.3/Packages/jp.keijiro.klak.spout/Runtime/Klak.Spout.Runtime.asmdef)
Assembly with name 'Klak.Spout.Runtime' already exists (Packages/jp.keijiro.klak.spout/Runtime/Klak.Spout.Runtime.asmdef)
[Package Manager] Server::EnsureServerProcessIsRunning -- launch failed, reason: Unity was launched with the -noUpm command-line argument
[Package Manager] UpmClient::Send -- Unable to send message (not connected to UPM process).
[Package Manager] Cannot connect to Unity Package Manager local server
Mono: successfully reloaded assembly
- Finished resetting the current domain, in  2.111 seconds
Domain Reload Profiling: 2873ms
	BeginReloadAssembly (223ms)
		ExecutionOrderSort (0ms)
		DisableScriptedObjects (6ms)
		BackupInstance (0ms)
		ReleaseScriptingObjects (0ms)
		CreateAndSetChildDomain (70ms)
	RebuildCommonClasses (46ms)
	RebuildNativeTypeToScriptingClass (17ms)
	initialDomainReloadingComplete (34ms)
	LoadAllAssembliesAndSetupDomain (441ms)
		LoadAssemblies (509ms)
		RebuildTransferFunctionScriptingTraits (0ms)
		AnalyzeDomain (44ms)
			TypeCache.Refresh (14ms)
				TypeCache.ScanAssembly (0ms)
			ScanForSourceGeneratedMonoScriptInfo (0ms)
			ResolveRequiredComponents (26ms)
	FinalizeReload (2112ms)
		ReleaseScriptCaches (0ms)
		RebuildScriptCaches (0ms)
		SetupLoadedEditorAssemblies (713ms)
			LogAssemblyErrors (0ms)
			InitializePlatformSupportModulesInManaged (8ms)
			SetLoadedEditorAssemblies (5ms)
			RefreshPlugins (0ms)
			BeforeProcessingInitializeOnLoad (144ms)
			ProcessInitializeOnLoadAttributes (453ms)
			ProcessInitializeOnLoadMethodAttributes (99ms)
			AfterProcessingInitializeOnLoad (3ms)
			EditorAssembliesLoaded (0ms)
		ExecutionOrderSort2 (0ms)
		AwakeInstancesAfterBackupRestoration (28ms)
Refreshing native plugins compatible for Editor in 9.49 ms, found 4 plugins.
Preloading 0 native plugins for Editor in 0.00 ms.
Unloading 5392 Unused Serialized files (Serialized files now loaded: 0)
Unloading 56 unused Assets / (2.1 MB). Loaded Objects now: 6020.
Memory consumption went from 192.4 MB to 190.2 MB.
Total: 8.042700 ms (FindLiveObjects: 0.867200 ms CreateObjectMapping: 0.751000 ms MarkObjects: 4.961700 ms  DeleteObjects: 1.460100 ms)

Prepare: number of updated asset objects reloaded= 0
AssetImportParameters requested are different than current active one (requested -> active):
  custom:container-demuxer-ogg: 62fdf1f143b41e24485cea50d1cbac27 -> 
  custom:video-codec-MediaFoundation-h265: 746d11721c4dcdbdad8f713fa42b33f4 -> 
  custom:video-decoder-ogg-theora: a1e56fd34408186e4bbccfd4996cb3dc -> 
  custom:framework-win-MediaFoundation: 216162199b28c13a410421893ffa2e32 -> 
  custom:CustomObjectIndexerAttribute: 72b91833f83ae208fae7752999fa3104 -> 
  custom:container-demuxer-webm: 4f35f7cbe854078d1ac9338744f61a02 -> 
  custom:container-muxer-webm: aa71ff27fc2769a1b78a27578f13a17b -> 
  custom:video-decoder-webm-vp8: 9c59270c3fd7afecdb556c50c9e8de78 -> 
  custom:SearchIndexIgnoredProperties: e643bd26f0fe6173181afceb89e7c659 -> 
  custom:AudioImporter_EditorPlatform: d09bf68614088b80899f8185d706f6e7 -> 
  custom:video-encoder-webm-vp8: eb34c28f22e8b96e1ab97ce403110664 -> 
  custom:audio-decoder-ogg-vorbis: bf7c407c2cedff20999df2af8eb42d56 -> 
  custom:audio-encoder-webm-vorbis: bf7c407c2cedff20999df2af8eb42d56 -> 
========================================================================
Received Prepare
Assembly with name 'Klak.Spout.Editor' already exists (Assets/KlakSpout-2.0.3/KlakSpout-2.0.3/Packages/jp.keijiro.klak.spout/Editor/Klak.Spout.Editor.asmdef)
Assembly with name 'Klak.Spout.Editor' already exists (Packages/jp.keijiro.klak.spout/Editor/Klak.Spout.Editor.asmdef)
Assembly with name 'Klak.Spout.Runtime' already exists (Assets/KlakSpout-2.0.3/KlakSpout-2.0.3/Packages/jp.keijiro.klak.spout/Runtime/Klak.Spout.Runtime.asmdef)
Assembly with name 'Klak.Spout.Runtime' already exists (Packages/jp.keijiro.klak.spout/Runtime/Klak.Spout.Runtime.asmdef)
Assembly with name 'Klak.Spout.Editor' already exists (Assets/KlakSpout-2.0.3/KlakSpout-2.0.3/Packages/jp.keijiro.klak.spout/Editor/Klak.Spout.Editor.asmdef)
Assembly with name 'Klak.Spout.Editor' already exists (Packages/jp.keijiro.klak.spout/Editor/Klak.Spout.Editor.asmdef)
Assembly with name 'Klak.Spout.Runtime' already exists (Assets/KlakSpout-2.0.3/KlakSpout-2.0.3/Packages/jp.keijiro.klak.spout/Runtime/Klak.Spout.Runtime.asmdef)
Assembly with name 'Klak.Spout.Runtime' already exists (Packages/jp.keijiro.klak.spout/Runtime/Klak.Spout.Runtime.asmdef)
Begin MonoManager ReloadAssembly
- Loaded All Assemblies, in  0.769 seconds
Refreshing native plugins compatible for Editor in 9.74 ms, found 4 plugins.
Native extension for WindowsStandalone target not found
Native extension for WebGL target not found
Assembly with name 'Klak.Spout.Editor' already exists (Assets/KlakSpout-2.0.3/KlakSpout-2.0.3/Packages/jp.keijiro.klak.spout/Editor/Klak.Spout.Editor.asmdef)
Assembly with name 'Klak.Spout.Editor' already exists (Packages/jp.keijiro.klak.spout/Editor/Klak.Spout.Editor.asmdef)
Assembly with name 'Klak.Spout.Runtime' already exists (Assets/KlakSpout-2.0.3/KlakSpout-2.0.3/Packages/jp.keijiro.klak.spout/Runtime/Klak.Spout.Runtime.asmdef)
Assembly with name 'Klak.Spout.Runtime' already exists (Packages/jp.keijiro.klak.spout/Runtime/Klak.Spout.Runtime.asmdef)
[Package Manager] Server::EnsureServerProcessIsRunning -- launch failed, reason: Unity was launched with the -noUpm command-line argument
[Package Manager] UpmClient::Send -- Unable to send message (not connected to UPM process).
[Package Manager] Cannot connect to Unity Package Manager local server
Mono: successfully reloaded assembly
- Finished resetting the current domain, in  2.255 seconds
Domain Reload Profiling: 3024ms
	BeginReloadAssembly (222ms)
		ExecutionOrderSort (0ms)
		DisableScriptedObjects (4ms)
		BackupInstance (0ms)
		ReleaseScriptingObjects (0ms)
		CreateAndSetChildDomain (73ms)
	RebuildCommonClasses (49ms)
	RebuildNativeTypeToScriptingClass (13ms)
	initialDomainReloadingComplete (38ms)
	LoadAllAssembliesAndSetupDomain (446ms)
		LoadAssemblies (518ms)
		RebuildTransferFunctionScriptingTraits (0ms)
		AnalyzeDomain (35ms)
			TypeCache.Refresh (13ms)
				TypeCache.ScanAssembly (0ms)
			ScanForSourceGeneratedMonoScriptInfo (0ms)
			ResolveRequiredComponents (18ms)
	FinalizeReload (2257ms)
		ReleaseScriptCaches (0ms)
		RebuildScriptCaches (0ms)
		SetupLoadedEditorAssemblies (777ms)
			LogAssemblyErrors (0ms)
			InitializePlatformSupportModulesInManaged (11ms)
			SetLoadedEditorAssemblies (7ms)
			RefreshPlugins (0ms)
			BeforeProcessingInitializeOnLoad (144ms)
			ProcessInitializeOnLoadAttributes (503ms)
			ProcessInitializeOnLoadMethodAttributes (109ms)
			AfterProcessingInitializeOnLoad (3ms)
			EditorAssembliesLoaded (1ms)
		ExecutionOrderSort2 (0ms)
		AwakeInstancesAfterBackupRestoration (31ms)
Refreshing native plugins compatible for Editor in 9.63 ms, found 4 plugins.
Preloading 0 native plugins for Editor in 0.00 ms.
Unloading 5392 Unused Serialized files (Serialized files now loaded: 0)
Unloading 51 unused Assets / (1.4 MB). Loaded Objects now: 6029.
Memory consumption went from 192.4 MB to 191.0 MB.
Total: 9.207900 ms (FindLiveObjects: 1.123700 ms CreateObjectMapping: 0.542300 ms MarkObjects: 5.612500 ms  DeleteObjects: 1.924200 ms)

Prepare: number of updated asset objects reloaded= 0
AssetImportParameters requested are different than current active one (requested -> active):
  custom:container-demuxer-ogg: 62fdf1f143b41e24485cea50d1cbac27 -> 
  custom:video-codec-MediaFoundation-h265: 746d11721c4dcdbdad8f713fa42b33f4 -> 
  custom:video-decoder-ogg-theora: a1e56fd34408186e4bbccfd4996cb3dc -> 
  custom:framework-win-MediaFoundation: 216162199b28c13a410421893ffa2e32 -> 
  custom:CustomObjectIndexerAttribute: 72b91833f83ae208fae7752999fa3104 -> 
  custom:container-demuxer-webm: 4f35f7cbe854078d1ac9338744f61a02 -> 
  custom:container-muxer-webm: aa71ff27fc2769a1b78a27578f13a17b -> 
  custom:video-decoder-webm-vp8: 9c59270c3fd7afecdb556c50c9e8de78 -> 
  custom:SearchIndexIgnoredProperties: e643bd26f0fe6173181afceb89e7c659 -> 
  custom:AudioImporter_EditorPlatform: d09bf68614088b80899f8185d706f6e7 -> 
  custom:video-encoder-webm-vp8: eb34c28f22e8b96e1ab97ce403110664 -> 
  custom:audio-decoder-ogg-vorbis: bf7c407c2cedff20999df2af8eb42d56 -> 
  custom:audio-encoder-webm-vorbis: bf7c407c2cedff20999df2af8eb42d56 -> 
========================================================================
Received Prepare
Assembly with name 'Klak.Spout.Editor' already exists (Assets/KlakSpout-2.0.3/KlakSpout-2.0.3/Packages/jp.keijiro.klak.spout/Editor/Klak.Spout.Editor.asmdef)
Assembly with name 'Klak.Spout.Editor' already exists (Packages/jp.keijiro.klak.spout/Editor/Klak.Spout.Editor.asmdef)
Assembly with name 'Klak.Spout.Runtime' already exists (Assets/KlakSpout-2.0.3/KlakSpout-2.0.3/Packages/jp.keijiro.klak.spout/Runtime/Klak.Spout.Runtime.asmdef)
Assembly with name 'Klak.Spout.Runtime' already exists (Packages/jp.keijiro.klak.spout/Runtime/Klak.Spout.Runtime.asmdef)
Assembly with name 'Klak.Spout.Editor' already exists (Assets/KlakSpout-2.0.3/KlakSpout-2.0.3/Packages/jp.keijiro.klak.spout/Editor/Klak.Spout.Editor.asmdef)
Assembly with name 'Klak.Spout.Editor' already exists (Packages/jp.keijiro.klak.spout/Editor/Klak.Spout.Editor.asmdef)
Assembly with name 'Klak.Spout.Runtime' already exists (Assets/KlakSpout-2.0.3/KlakSpout-2.0.3/Packages/jp.keijiro.klak.spout/Runtime/Klak.Spout.Runtime.asmdef)
Assembly with name 'Klak.Spout.Runtime' already exists (Packages/jp.keijiro.klak.spout/Runtime/Klak.Spout.Runtime.asmdef)
Begin MonoManager ReloadAssembly
- Loaded All Assemblies, in  4.321 seconds
Refreshing native plugins compatible for Editor in 9.16 ms, found 4 plugins.
Native extension for WindowsStandalone target not found
Native extension for WebGL target not found
Assembly with name 'Klak.Spout.Editor' already exists (Assets/KlakSpout-2.0.3/KlakSpout-2.0.3/Packages/jp.keijiro.klak.spout/Editor/Klak.Spout.Editor.asmdef)
Assembly with name 'Klak.Spout.Editor' already exists (Packages/jp.keijiro.klak.spout/Editor/Klak.Spout.Editor.asmdef)
Assembly with name 'Klak.Spout.Runtime' already exists (Assets/KlakSpout-2.0.3/KlakSpout-2.0.3/Packages/jp.keijiro.klak.spout/Runtime/Klak.Spout.Runtime.asmdef)
Assembly with name 'Klak.Spout.Runtime' already exists (Packages/jp.keijiro.klak.spout/Runtime/Klak.Spout.Runtime.asmdef)
[Package Manager] Server::EnsureServerProcessIsRunning -- launch failed, reason: Unity was launched with the -noUpm command-line argument
[Package Manager] UpmClient::Send -- Unable to send message (not connected to UPM process).
[Package Manager] Cannot connect to Unity Package Manager local server
Mono: successfully reloaded assembly
- Finished resetting the current domain, in 29.222 seconds
Domain Reload Profiling: 33542ms
	BeginReloadAssembly (297ms)
		ExecutionOrderSort (0ms)
		DisableScriptedObjects (6ms)
		BackupInstance (0ms)
		ReleaseScriptingObjects (0ms)
		CreateAndSetChildDomain (72ms)
	RebuildCommonClasses (194ms)
	RebuildNativeTypeToScriptingClass (13ms)
	initialDomainReloadingComplete (42ms)
	LoadAllAssembliesAndSetupDomain (3773ms)
		LoadAssemblies (3915ms)
		RebuildTransferFunctionScriptingTraits (0ms)
		AnalyzeDomain (40ms)
			TypeCache.Refresh (15ms)
				TypeCache.ScanAssembly (0ms)
			ScanForSourceGeneratedMonoScriptInfo (0ms)
			ResolveRequiredComponents (21ms)
	FinalizeReload (29223ms)
		ReleaseScriptCaches (0ms)
		RebuildScriptCaches (0ms)
		SetupLoadedEditorAssemblies (793ms)
			LogAssemblyErrors (0ms)
			InitializePlatformSupportModulesInManaged (8ms)
			SetLoadedEditorAssemblies (6ms)
			RefreshPlugins (0ms)
			BeforeProcessingInitializeOnLoad (149ms)
			ProcessInitializeOnLoadAttributes (509ms)
			ProcessInitializeOnLoadMethodAttributes (118ms)
			AfterProcessingInitializeOnLoad (3ms)
			EditorAssembliesLoaded (0ms)
		ExecutionOrderSort2 (0ms)
		AwakeInstancesAfterBackupRestoration (34ms)
Refreshing native plugins compatible for Editor in 8.48 ms, found 4 plugins.
Preloading 0 native plugins for Editor in 0.00 ms.
Unloading 5387 Unused Serialized files (Serialized files now loaded: 0)
Unloading 51 unused Assets / (1.4 MB). Loaded Objects now: 6033.
Memory consumption went from 192.0 MB to 190.6 MB.
Total: 9.889200 ms (FindLiveObjects: 1.705600 ms CreateObjectMapping: 1.121400 ms MarkObjects: 5.514600 ms  DeleteObjects: 1.542100 ms)

Prepare: number of updated asset objects reloaded= 0
AssetImportParameters requested are different than current active one (requested -> active):
  custom:container-demuxer-ogg: 62fdf1f143b41e24485cea50d1cbac27 -> 
  custom:video-codec-MediaFoundation-h265: 746d11721c4dcdbdad8f713fa42b33f4 -> 
  custom:video-decoder-ogg-theora: a1e56fd34408186e4bbccfd4996cb3dc -> 
  custom:framework-win-MediaFoundation: 216162199b28c13a410421893ffa2e32 -> 
  custom:CustomObjectIndexerAttribute: 72b91833f83ae208fae7752999fa3104 -> 
  custom:container-demuxer-webm: 4f35f7cbe854078d1ac9338744f61a02 -> 
  custom:container-muxer-webm: aa71ff27fc2769a1b78a27578f13a17b -> 
  custom:video-decoder-webm-vp8: 9c59270c3fd7afecdb556c50c9e8de78 -> 
  custom:SearchIndexIgnoredProperties: e643bd26f0fe6173181afceb89e7c659 -> 
  custom:AudioImporter_EditorPlatform: d09bf68614088b80899f8185d706f6e7 -> 
  custom:video-encoder-webm-vp8: eb34c28f22e8b96e1ab97ce403110664 -> 
  custom:audio-decoder-ogg-vorbis: bf7c407c2cedff20999df2af8eb42d56 -> 
  custom:audio-encoder-webm-vorbis: bf7c407c2cedff20999df2af8eb42d56 -> 
========================================================================
Received Prepare
Assembly with name 'Klak.Spout.Editor' already exists (Assets/KlakSpout-2.0.3/KlakSpout-2.0.3/Packages/jp.keijiro.klak.spout/Editor/Klak.Spout.Editor.asmdef)
Assembly with name 'Klak.Spout.Editor' already exists (Packages/jp.keijiro.klak.spout/Editor/Klak.Spout.Editor.asmdef)
Assembly with name 'Klak.Spout.Runtime' already exists (Assets/KlakSpout-2.0.3/KlakSpout-2.0.3/Packages/jp.keijiro.klak.spout/Runtime/Klak.Spout.Runtime.asmdef)
Assembly with name 'Klak.Spout.Runtime' already exists (Packages/jp.keijiro.klak.spout/Runtime/Klak.Spout.Runtime.asmdef)
Assembly with name 'Klak.Spout.Editor' already exists (Assets/KlakSpout-2.0.3/KlakSpout-2.0.3/Packages/jp.keijiro.klak.spout/Editor/Klak.Spout.Editor.asmdef)
Assembly with name 'Klak.Spout.Editor' already exists (Packages/jp.keijiro.klak.spout/Editor/Klak.Spout.Editor.asmdef)
Assembly with name 'Klak.Spout.Runtime' already exists (Assets/KlakSpout-2.0.3/KlakSpout-2.0.3/Packages/jp.keijiro.klak.spout/Runtime/Klak.Spout.Runtime.asmdef)
Assembly with name 'Klak.Spout.Runtime' already exists (Packages/jp.keijiro.klak.spout/Runtime/Klak.Spout.Runtime.asmdef)
Begin MonoManager ReloadAssembly
- Loaded All Assemblies, in  0.779 seconds
Refreshing native plugins compatible for Editor in 6.67 ms, found 4 plugins.
Native extension for WindowsStandalone target not found
Native extension for WebGL target not found
Assembly with name 'Klak.Spout.Editor' already exists (Assets/KlakSpout-2.0.3/KlakSpout-2.0.3/Packages/jp.keijiro.klak.spout/Editor/Klak.Spout.Editor.asmdef)
Assembly with name 'Klak.Spout.Editor' already exists (Packages/jp.keijiro.klak.spout/Editor/Klak.Spout.Editor.asmdef)
Assembly with name 'Klak.Spout.Runtime' already exists (Assets/KlakSpout-2.0.3/KlakSpout-2.0.3/Packages/jp.keijiro.klak.spout/Runtime/Klak.Spout.Runtime.asmdef)
Assembly with name 'Klak.Spout.Runtime' already exists (Packages/jp.keijiro.klak.spout/Runtime/Klak.Spout.Runtime.asmdef)
[Package Manager] Server::EnsureServerProcessIsRunning -- launch failed, reason: Unity was launched with the -noUpm command-line argument
[Package Manager] UpmClient::Send -- Unable to send message (not connected to UPM process).
[Package Manager] Cannot connect to Unity Package Manager local server
Mono: successfully reloaded assembly
- Finished resetting the current domain, in  2.193 seconds
Domain Reload Profiling: 2971ms
	BeginReloadAssembly (226ms)
		ExecutionOrderSort (0ms)
		DisableScriptedObjects (5ms)
		BackupInstance (0ms)
		ReleaseScriptingObjects (0ms)
		CreateAndSetChildDomain (69ms)
	RebuildCommonClasses (48ms)
	RebuildNativeTypeToScriptingClass (16ms)
	initialDomainReloadingComplete (39ms)
	LoadAllAssembliesAndSetupDomain (448ms)
		LoadAssemblies (525ms)
		RebuildTransferFunctionScriptingTraits (0ms)
		AnalyzeDomain (40ms)
			TypeCache.Refresh (15ms)
				TypeCache.ScanAssembly (0ms)
			ScanForSourceGeneratedMonoScriptInfo (0ms)
			ResolveRequiredComponents (21ms)
	FinalizeReload (2194ms)
		ReleaseScriptCaches (0ms)
		RebuildScriptCaches (0ms)
		SetupLoadedEditorAssemblies (785ms)
			LogAssemblyErrors (0ms)
			InitializePlatformSupportModulesInManaged (9ms)
			SetLoadedEditorAssemblies (6ms)
			RefreshPlugins (0ms)
			BeforeProcessingInitializeOnLoad (160ms)
			ProcessInitializeOnLoadAttributes (497ms)
			ProcessInitializeOnLoadMethodAttributes (110ms)
			AfterProcessingInitializeOnLoad (3ms)
			EditorAssembliesLoaded (0ms)
		ExecutionOrderSort2 (0ms)
		AwakeInstancesAfterBackupRestoration (30ms)
Refreshing native plugins compatible for Editor in 9.45 ms, found 4 plugins.
Preloading 0 native plugins for Editor in 0.00 ms.
Unloading 5387 Unused Serialized files (Serialized files now loaded: 0)
Unloading 51 unused Assets / (1.4 MB). Loaded Objects now: 6037.
Memory consumption went from 192.0 MB to 190.6 MB.
Total: 10.366100 ms (FindLiveObjects: 1.916700 ms CreateObjectMapping: 1.944300 ms MarkObjects: 5.303100 ms  DeleteObjects: 1.197600 ms)

Prepare: number of updated asset objects reloaded= 0
AssetImportParameters requested are different than current active one (requested -> active):
  custom:container-demuxer-ogg: 62fdf1f143b41e24485cea50d1cbac27 -> 
  custom:video-codec-MediaFoundation-h265: 746d11721c4dcdbdad8f713fa42b33f4 -> 
  custom:video-decoder-ogg-theora: a1e56fd34408186e4bbccfd4996cb3dc -> 
  custom:framework-win-MediaFoundation: 216162199b28c13a410421893ffa2e32 -> 
  custom:CustomObjectIndexerAttribute: 72b91833f83ae208fae7752999fa3104 -> 
  custom:container-demuxer-webm: 4f35f7cbe854078d1ac9338744f61a02 -> 
  custom:container-muxer-webm: aa71ff27fc2769a1b78a27578f13a17b -> 
  custom:video-decoder-webm-vp8: 9c59270c3fd7afecdb556c50c9e8de78 -> 
  custom:SearchIndexIgnoredProperties: e643bd26f0fe6173181afceb89e7c659 -> 
  custom:AudioImporter_EditorPlatform: d09bf68614088b80899f8185d706f6e7 -> 
  custom:video-encoder-webm-vp8: eb34c28f22e8b96e1ab97ce403110664 -> 
  custom:audio-decoder-ogg-vorbis: bf7c407c2cedff20999df2af8eb42d56 -> 
  custom:audio-encoder-webm-vorbis: bf7c407c2cedff20999df2af8eb42d56 -> 
========================================================================
Received Import Request.
  Time since last request: 4720.648118 seconds.
  path: Assets/Bricks093_2K-JPG/New Material.mat
  artifactKey: Guid(8f29071caf735ad47b380cf998f35cab) Importer(815301076,1909f56bfc062723c751e8b465ee728b)
Start importing Assets/Bricks093_2K-JPG/New Material.mat using Guid(8f29071caf735ad47b380cf998f35cab) Importer(815301076,1909f56bfc062723c751e8b465ee728b)  -> (artifact id: '7e6f364be96e581c15610995023c3e5b') in 0.612312 seconds
Number of updated asset objects reloaded before import = 0
Number of asset objects unloaded after import = 23
========================================================================
Received Import Request.
  Time since last request: 367.484222 seconds.
  path: Packages/com.unity.render-pipelines.universal/Runtime/Materials/PhysicalMaterial3DsMax/PhysicalMaterial3DsMaxTransparent.shadergraph
  artifactKey: Guid(1a207e3bee00db44b940e6f362a8e148) Importer(815301076,1909f56bfc062723c751e8b465ee728b)
Start importing Packages/com.unity.render-pipelines.universal/Runtime/Materials/PhysicalMaterial3DsMax/PhysicalMaterial3DsMaxTransparent.shadergraph using Guid(1a207e3bee00db44b940e6f362a8e148) Importer(815301076,1909f56bfc062723c751e8b465ee728b)  -> (artifact id: '96bf045ef6617cd41999dbbe2ce21dd7') in 0.117626 seconds
Number of updated asset objects reloaded before import = 0
Number of asset objects unloaded after import = 3
========================================================================
Received Prepare
Assembly with name 'Klak.Spout.Editor' already exists (Assets/KlakSpout-2.0.3/KlakSpout-2.0.3/Packages/jp.keijiro.klak.spout/Editor/Klak.Spout.Editor.asmdef)
Assembly with name 'Klak.Spout.Editor' already exists (Packages/jp.keijiro.klak.spout/Editor/Klak.Spout.Editor.asmdef)
Assembly with name 'Klak.Spout.Runtime' already exists (Assets/KlakSpout-2.0.3/KlakSpout-2.0.3/Packages/jp.keijiro.klak.spout/Runtime/Klak.Spout.Runtime.asmdef)
Assembly with name 'Klak.Spout.Runtime' already exists (Packages/jp.keijiro.klak.spout/Runtime/Klak.Spout.Runtime.asmdef)
Assembly with name 'Klak.Spout.Editor' already exists (Assets/KlakSpout-2.0.3/KlakSpout-2.0.3/Packages/jp.keijiro.klak.spout/Editor/Klak.Spout.Editor.asmdef)
Assembly with name 'Klak.Spout.Editor' already exists (Packages/jp.keijiro.klak.spout/Editor/Klak.Spout.Editor.asmdef)
Assembly with name 'Klak.Spout.Runtime' already exists (Assets/KlakSpout-2.0.3/KlakSpout-2.0.3/Packages/jp.keijiro.klak.spout/Runtime/Klak.Spout.Runtime.asmdef)
Assembly with name 'Klak.Spout.Runtime' already exists (Packages/jp.keijiro.klak.spout/Runtime/Klak.Spout.Runtime.asmdef)
Begin MonoManager ReloadAssembly
- Loaded All Assemblies, in  0.814 seconds
Refreshing native plugins compatible for Editor in 11.08 ms, found 4 plugins.
Native extension for WindowsStandalone target not found
Native extension for WebGL target not found
Assembly with name 'Klak.Spout.Editor' already exists (Assets/KlakSpout-2.0.3/KlakSpout-2.0.3/Packages/jp.keijiro.klak.spout/Editor/Klak.Spout.Editor.asmdef)
Assembly with name 'Klak.Spout.Editor' already exists (Packages/jp.keijiro.klak.spout/Editor/Klak.Spout.Editor.asmdef)
Assembly with name 'Klak.Spout.Runtime' already exists (Assets/KlakSpout-2.0.3/KlakSpout-2.0.3/Packages/jp.keijiro.klak.spout/Runtime/Klak.Spout.Runtime.asmdef)
Assembly with name 'Klak.Spout.Runtime' already exists (Packages/jp.keijiro.klak.spout/Runtime/Klak.Spout.Runtime.asmdef)
[Package Manager] Server::EnsureServerProcessIsRunning -- launch failed, reason: Unity was launched with the -noUpm command-line argument
[Package Manager] UpmClient::Send -- Unable to send message (not connected to UPM process).
[Package Manager] Cannot connect to Unity Package Manager local server
Mono: successfully reloaded assembly
- Finished resetting the current domain, in  2.139 seconds
Domain Reload Profiling: 2952ms
	BeginReloadAssembly (272ms)
		ExecutionOrderSort (0ms)
		DisableScriptedObjects (16ms)
		BackupInstance (0ms)
		ReleaseScriptingObjects (0ms)
		CreateAndSetChildDomain (86ms)
	RebuildCommonClasses (52ms)
	RebuildNativeTypeToScriptingClass (16ms)
	initialDomainReloadingComplete (34ms)
	LoadAllAssembliesAndSetupDomain (438ms)
		LoadAssemblies (531ms)
		RebuildTransferFunctionScriptingTraits (0ms)
		AnalyzeDomain (34ms)
			TypeCache.Refresh (14ms)
				TypeCache.ScanAssembly (0ms)
			ScanForSourceGeneratedMonoScriptInfo (0ms)
			ResolveRequiredComponents (16ms)
	FinalizeReload (2140ms)
		ReleaseScriptCaches (0ms)
		RebuildScriptCaches (0ms)
		SetupLoadedEditorAssemblies (771ms)
			LogAssemblyErrors (0ms)
			InitializePlatformSupportModulesInManaged (10ms)
			SetLoadedEditorAssemblies (5ms)
			RefreshPlugins (0ms)
			BeforeProcessingInitializeOnLoad (150ms)
			ProcessInitializeOnLoadAttributes (495ms)
			ProcessInitializeOnLoadMethodAttributes (107ms)
			AfterProcessingInitializeOnLoad (3ms)
			EditorAssembliesLoaded (1ms)
		ExecutionOrderSort2 (0ms)
		AwakeInstancesAfterBackupRestoration (34ms)
Refreshing native plugins compatible for Editor in 7.96 ms, found 4 plugins.
Preloading 0 native plugins for Editor in 0.00 ms.
Unloading 5388 Unused Serialized files (Serialized files now loaded: 0)
Unloading 51 unused Assets / (1.4 MB). Loaded Objects now: 6122.
Memory consumption went from 197.4 MB to 196.0 MB.
Total: 9.902900 ms (FindLiveObjects: 1.442900 ms CreateObjectMapping: 0.790900 ms MarkObjects: 6.197400 ms  DeleteObjects: 1.465900 ms)

Prepare: number of updated asset objects reloaded= 0
AssetImportParameters requested are different than current active one (requested -> active):
  custom:container-demuxer-ogg: 62fdf1f143b41e24485cea50d1cbac27 -> 
  custom:video-codec-MediaFoundation-h265: 746d11721c4dcdbdad8f713fa42b33f4 -> 
  custom:video-decoder-ogg-theora: a1e56fd34408186e4bbccfd4996cb3dc -> 
  custom:framework-win-MediaFoundation: 216162199b28c13a410421893ffa2e32 -> 
  custom:CustomObjectIndexerAttribute: 72b91833f83ae208fae7752999fa3104 -> 
  custom:container-demuxer-webm: 4f35f7cbe854078d1ac9338744f61a02 -> 
  custom:container-muxer-webm: aa71ff27fc2769a1b78a27578f13a17b -> 
  custom:video-decoder-webm-vp8: 9c59270c3fd7afecdb556c50c9e8de78 -> 
  custom:SearchIndexIgnoredProperties: e643bd26f0fe6173181afceb89e7c659 -> 
  custom:AudioImporter_EditorPlatform: d09bf68614088b80899f8185d706f6e7 -> 
  custom:video-encoder-webm-vp8: eb34c28f22e8b96e1ab97ce403110664 -> 
  custom:audio-decoder-ogg-vorbis: bf7c407c2cedff20999df2af8eb42d56 -> 
  custom:audio-encoder-webm-vorbis: bf7c407c2cedff20999df2af8eb42d56 -> 
