Using pre-set license
Built from '2022.3/staging' branch; Version is '2022.3.29f1 (8d510ca76d2b) revision 9261324'; Using compiler version '192829333'; Build Type 'Release'
OS: 'Windows 11  (10.0.22631) 64bit Core' Language: 'de' Physical Memory: 15741 MB
BatchMode: 1, IsHumanControllingUs: 0, StartBugReporterOnCrash: 0, Is64bit: 1, IsPro: 1

COMMAND LINE ARGUMENTS:
D:\Programme\2022.3.29f1\Editor\Unity.exe
-adb2
-batchMode
-noUpm
-name
AssetImportWorker0
-projectPath
C:/Users/lesli/My project (1)
-logFile
Logs/AssetImportWorker0.log
-srvPort
57790
Successfully changed project path to: C:/Users/lesli/My project (1)
C:/Users/lesli/My project (1)
[UnityMemory] Configuration Parameters - Can be set up in boot.config
    "memorysetup-bucket-allocator-granularity=16"
    "memorysetup-bucket-allocator-bucket-count=8"
    "memorysetup-bucket-allocator-block-size=33554432"
    "memorysetup-bucket-allocator-block-count=8"
    "memorysetup-main-allocator-block-size=16777216"
    "memorysetup-thread-allocator-block-size=16777216"
    "memorysetup-gfx-main-allocator-block-size=16777216"
    "memorysetup-gfx-thread-allocator-block-size=16777216"
    "memorysetup-cache-allocator-block-size=4194304"
    "memorysetup-typetree-allocator-block-size=2097152"
    "memorysetup-profiler-bucket-allocator-granularity=16"
    "memorysetup-profiler-bucket-allocator-bucket-count=8"
    "memorysetup-profiler-bucket-allocator-block-size=33554432"
    "memorysetup-profiler-bucket-allocator-block-count=8"
    "memorysetup-profiler-allocator-block-size=16777216"
    "memorysetup-profiler-editor-allocator-block-size=1048576"
    "memorysetup-temp-allocator-size-main=16777216"
    "memorysetup-job-temp-allocator-block-size=2097152"
    "memorysetup-job-temp-allocator-block-size-background=1048576"
    "memorysetup-job-temp-allocator-reduction-small-platforms=262144"
    "memorysetup-allocator-temp-initial-block-size-main=262144"
    "memorysetup-allocator-temp-initial-block-size-worker=262144"
    "memorysetup-temp-allocator-size-background-worker=32768"
    "memorysetup-temp-allocator-size-job-worker=262144"
    "memorysetup-temp-allocator-size-preload-manager=33554432"
    "memorysetup-temp-allocator-size-nav-mesh-worker=65536"
    "memorysetup-temp-allocator-size-audio-worker=65536"
    "memorysetup-temp-allocator-size-cloud-worker=32768"
    "memorysetup-temp-allocator-size-gi-baking-worker=262144"
    "memorysetup-temp-allocator-size-gfx=262144"
Player connection [8788] Host "[IP] 172.16.16.201 [Port] 0 [Flags] 2 [Guid] 389456685 [EditorId] 389456685 [Version] 1048832 [Id] WindowsEditor(7,LAPTOP-SSU6R00G) [Debug] 1 [PackageName] WindowsEditor [ProjectName] Editor" joined multi-casting on [225.0.0.222:54997]...

Player connection [8788] Host "[IP] 172.16.16.201 [Port] 0 [Flags] 2 [Guid] 389456685 [EditorId] 389456685 [Version] 1048832 [Id] WindowsEditor(7,LAPTOP-SSU6R00G) [Debug] 1 [PackageName] WindowsEditor [ProjectName] Editor" joined alternative multi-casting on [225.0.0.222:34997]...

[Physics::Module] Initialized MultithreadedJobDispatcher with 11 workers.
Refreshing native plugins compatible for Editor in 23.09 ms, found 4 plugins.
Preloading 0 native plugins for Editor in 0.00 ms.
Initialize engine version: 2022.3.29f1 (8d510ca76d2b)
[Subsystems] Discovering subsystems at path D:/Programme/2022.3.29f1/Editor/Data/Resources/UnitySubsystems
[Subsystems] Discovering subsystems at path C:/Users/lesli/My project (1)/Assets
GfxDevice: creating device client; threaded=0; jobified=0
Direct3D:
    Version:  Direct3D 11.0 [level 11.1]
    Renderer: AMD Radeon(TM) Graphics (ID=0x1636)
    Vendor:   ATI
    VRAM:     7870 MB
    Driver:   31.0.21910.5
Initialize mono
Mono path[0] = 'D:/Programme/2022.3.29f1/Editor/Data/Managed'
Mono path[1] = 'D:/Programme/2022.3.29f1/Editor/Data/MonoBleedingEdge/lib/mono/unityjit-win32'
Mono config path = 'D:/Programme/2022.3.29f1/Editor/Data/MonoBleedingEdge/etc'
Using monoOptions --debugger-agent=transport=dt_socket,embedding=1,server=y,suspend=n,address=127.0.0.1:56020
Begin MonoManager ReloadAssembly
Registering precompiled unity dll's ...
Register platform support module: D:/Programme/2022.3.29f1/Editor/Data/PlaybackEngines/WebGLSupport/UnityEditor.WebGL.Extensions.dll
Register platform support module: D:/Programme/2022.3.29f1/Editor/Data/PlaybackEngines/WindowsStandaloneSupport/UnityEditor.WindowsStandalone.Extensions.dll
Registered in 0.004778 seconds.
- Loaded All Assemblies, in  0.407 seconds
Native extension for WindowsStandalone target not found
Native extension for WebGL target not found
Mono: successfully reloaded assembly
- Finished resetting the current domain, in  0.311 seconds
Domain Reload Profiling: 718ms
	BeginReloadAssembly (128ms)
		ExecutionOrderSort (0ms)
		DisableScriptedObjects (0ms)
		BackupInstance (0ms)
		ReleaseScriptingObjects (0ms)
		CreateAndSetChildDomain (1ms)
	RebuildCommonClasses (43ms)
	RebuildNativeTypeToScriptingClass (12ms)
	initialDomainReloadingComplete (59ms)
	LoadAllAssembliesAndSetupDomain (164ms)
		LoadAssemblies (128ms)
		RebuildTransferFunctionScriptingTraits (0ms)
		AnalyzeDomain (162ms)
			TypeCache.Refresh (160ms)
				TypeCache.ScanAssembly (144ms)
			ScanForSourceGeneratedMonoScriptInfo (0ms)
			ResolveRequiredComponents (0ms)
	FinalizeReload (312ms)
		ReleaseScriptCaches (0ms)
		RebuildScriptCaches (0ms)
		SetupLoadedEditorAssemblies (242ms)
			LogAssemblyErrors (0ms)
			InitializePlatformSupportModulesInManaged (9ms)
			SetLoadedEditorAssemblies (7ms)
			RefreshPlugins (0ms)
			BeforeProcessingInitializeOnLoad (3ms)
			ProcessInitializeOnLoadAttributes (175ms)
			ProcessInitializeOnLoadMethodAttributes (48ms)
			AfterProcessingInitializeOnLoad (0ms)
			EditorAssembliesLoaded (0ms)
		ExecutionOrderSort2 (0ms)
		AwakeInstancesAfterBackupRestoration (0ms)
========================================================================
Worker process is ready to serve import requests
Begin MonoManager ReloadAssembly
- Loaded All Assemblies, in  0.670 seconds
Refreshing native plugins compatible for Editor in 8.60 ms, found 4 plugins.
Native extension for WindowsStandalone target not found
Native extension for WebGL target not found
Package Manager log level set to [2]
[Package Manager] Server::EnsureServerProcessIsRunning -- launch failed, reason: Unity was launched with the -noUpm command-line argument
[Package Manager] UpmClient::Send -- Unable to send message (not connected to UPM process).
[Package Manager] Cannot connect to Unity Package Manager local server
Mono: successfully reloaded assembly
- Finished resetting the current domain, in  0.688 seconds
Domain Reload Profiling: 1356ms
	BeginReloadAssembly (142ms)
		ExecutionOrderSort (0ms)
		DisableScriptedObjects (7ms)
		BackupInstance (0ms)
		ReleaseScriptingObjects (0ms)
		CreateAndSetChildDomain (24ms)
	RebuildCommonClasses (34ms)
	RebuildNativeTypeToScriptingClass (11ms)
	initialDomainReloadingComplete (38ms)
	LoadAllAssembliesAndSetupDomain (443ms)
		LoadAssemblies (321ms)
		RebuildTransferFunctionScriptingTraits (0ms)
		AnalyzeDomain (199ms)
			TypeCache.Refresh (166ms)
				TypeCache.ScanAssembly (152ms)
			ScanForSourceGeneratedMonoScriptInfo (22ms)
			ResolveRequiredComponents (10ms)
	FinalizeReload (688ms)
		ReleaseScriptCaches (0ms)
		RebuildScriptCaches (0ms)
		SetupLoadedEditorAssemblies (510ms)
			LogAssemblyErrors (0ms)
			InitializePlatformSupportModulesInManaged (5ms)
			SetLoadedEditorAssemblies (5ms)
			RefreshPlugins (0ms)
			BeforeProcessingInitializeOnLoad (74ms)
			ProcessInitializeOnLoadAttributes (349ms)
			ProcessInitializeOnLoadMethodAttributes (74ms)
			AfterProcessingInitializeOnLoad (3ms)
			EditorAssembliesLoaded (0ms)
		ExecutionOrderSort2 (0ms)
		AwakeInstancesAfterBackupRestoration (8ms)
Launched and connected shader compiler UnityShaderCompiler.exe after 0.06 seconds
Refreshing native plugins compatible for Editor in 9.70 ms, found 4 plugins.
Preloading 0 native plugins for Editor in 0.00 ms.
Unloading 4977 Unused Serialized files (Serialized files now loaded: 0)
Unloading 86 unused Assets / (358.3 KB). Loaded Objects now: 5412.
Memory consumption went from 200.4 MB to 200.1 MB.
Total: 4.361200 ms (FindLiveObjects: 0.469700 ms CreateObjectMapping: 0.181100 ms MarkObjects: 3.441700 ms  DeleteObjects: 0.267300 ms)

AssetImportParameters requested are different than current active one (requested -> active):
  custom:container-demuxer-ogg: 62fdf1f143b41e24485cea50d1cbac27 -> 
  custom:video-codec-MediaFoundation-h265: 746d11721c4dcdbdad8f713fa42b33f4 -> 
  custom:video-decoder-ogg-theora: a1e56fd34408186e4bbccfd4996cb3dc -> 
  custom:framework-win-MediaFoundation: 216162199b28c13a410421893ffa2e32 -> 
  custom:CustomObjectIndexerAttribute: 72b91833f83ae208fae7752999fa3104 -> 
  custom:container-demuxer-webm: 4f35f7cbe854078d1ac9338744f61a02 -> 
  custom:container-muxer-webm: aa71ff27fc2769a1b78a27578f13a17b -> 
  custom:video-decoder-webm-vp8: 9c59270c3fd7afecdb556c50c9e8de78 -> 
  custom:SearchIndexIgnoredProperties: e643bd26f0fe6173181afceb89e7c659 -> 
  custom:AudioImporter_EditorPlatform: d09bf68614088b80899f8185d706f6e7 -> 
  custom:video-encoder-webm-vp8: eb34c28f22e8b96e1ab97ce403110664 -> 
  custom:audio-decoder-ogg-vorbis: bf7c407c2cedff20999df2af8eb42d56 -> 
  custom:audio-encoder-webm-vorbis: bf7c407c2cedff20999df2af8eb42d56 -> 
========================================================================
Received Import Request.
  Time since last request: 503404.812966 seconds.
  path: Packages/com.unity.ugui
  artifactKey: Guid(8f7652e09069a1943278893d4264401e) Importer(815301076,1909f56bfc062723c751e8b465ee728b)
Start importing Packages/com.unity.ugui using Guid(8f7652e09069a1943278893d4264401e) Importer(815301076,1909f56bfc062723c751e8b465ee728b)  -> (artifact id: '6786283b38ce6af6bc699de71dcdb226') in 0.002632 seconds
Number of updated asset objects reloaded before import = 0
Number of asset objects unloaded after import = 0
========================================================================
Received Import Request.
  Time since last request: 118.907258 seconds.
  path: Assets/KlakSpout-2.0.3/KlakSpout-2.0.3
  artifactKey: Guid(6f01787771f3183479d6a1cbeca741ea) Importer(815301076,1909f56bfc062723c751e8b465ee728b)
Start importing Assets/KlakSpout-2.0.3/KlakSpout-2.0.3 using Guid(6f01787771f3183479d6a1cbeca741ea) Importer(815301076,1909f56bfc062723c751e8b465ee728b)  -> (artifact id: '26a29d05246968c9f2ef2d2595eba084') in 0.001228 seconds
Number of updated asset objects reloaded before import = 0
Number of asset objects unloaded after import = 0
========================================================================
Received Prepare
Begin MonoManager ReloadAssembly
- Loaded All Assemblies, in  0.585 seconds
Refreshing native plugins compatible for Editor in 7.52 ms, found 3 plugins.
Native extension for WindowsStandalone target not found
Native extension for WebGL target not found
[Package Manager] Server::EnsureServerProcessIsRunning -- launch failed, reason: Unity was launched with the -noUpm command-line argument
[Package Manager] UpmClient::Send -- Unable to send message (not connected to UPM process).
[Package Manager] Cannot connect to Unity Package Manager local server
Mono: successfully reloaded assembly
- Finished resetting the current domain, in  1.565 seconds
Domain Reload Profiling: 2148ms
	BeginReloadAssembly (175ms)
		ExecutionOrderSort (0ms)
		DisableScriptedObjects (4ms)
		BackupInstance (0ms)
		ReleaseScriptingObjects (0ms)
		CreateAndSetChildDomain (35ms)
	RebuildCommonClasses (46ms)
	RebuildNativeTypeToScriptingClass (14ms)
	initialDomainReloadingComplete (31ms)
	LoadAllAssembliesAndSetupDomain (317ms)
		LoadAssemblies (366ms)
		RebuildTransferFunctionScriptingTraits (0ms)
		AnalyzeDomain (49ms)
			TypeCache.Refresh (10ms)
				TypeCache.ScanAssembly (0ms)
			ScanForSourceGeneratedMonoScriptInfo (25ms)
			ResolveRequiredComponents (13ms)
	FinalizeReload (1566ms)
		ReleaseScriptCaches (0ms)
		RebuildScriptCaches (0ms)
		SetupLoadedEditorAssemblies (481ms)
			LogAssemblyErrors (0ms)
			InitializePlatformSupportModulesInManaged (5ms)
			SetLoadedEditorAssemblies (3ms)
			RefreshPlugins (0ms)
			BeforeProcessingInitializeOnLoad (70ms)
			ProcessInitializeOnLoadAttributes (320ms)
			ProcessInitializeOnLoadMethodAttributes (80ms)
			AfterProcessingInitializeOnLoad (2ms)
			EditorAssembliesLoaded (0ms)
		ExecutionOrderSort2 (0ms)
		AwakeInstancesAfterBackupRestoration (22ms)
Refreshing native plugins compatible for Editor in 6.28 ms, found 3 plugins.
Preloading 0 native plugins for Editor in 0.00 ms.
Unloading 4784 Unused Serialized files (Serialized files now loaded: 0)
Unloading 55 unused Assets / (326.2 KB). Loaded Objects now: 5402.
Memory consumption went from 173.0 MB to 172.7 MB.
Total: 3.497100 ms (FindLiveObjects: 0.440100 ms CreateObjectMapping: 0.153400 ms MarkObjects: 2.729100 ms  DeleteObjects: 0.172500 ms)

Prepare: number of updated asset objects reloaded= 1
AssetImportParameters requested are different than current active one (requested -> active):
  custom:container-demuxer-ogg: 62fdf1f143b41e24485cea50d1cbac27 -> 
  custom:video-codec-MediaFoundation-h265: 746d11721c4dcdbdad8f713fa42b33f4 -> 
  custom:video-decoder-ogg-theora: a1e56fd34408186e4bbccfd4996cb3dc -> 
  custom:framework-win-MediaFoundation: 216162199b28c13a410421893ffa2e32 -> 
  custom:CustomObjectIndexerAttribute: 72b91833f83ae208fae7752999fa3104 -> 
  custom:container-demuxer-webm: 4f35f7cbe854078d1ac9338744f61a02 -> 
  custom:container-muxer-webm: aa71ff27fc2769a1b78a27578f13a17b -> 
  custom:video-decoder-webm-vp8: 9c59270c3fd7afecdb556c50c9e8de78 -> 
  custom:SearchIndexIgnoredProperties: e643bd26f0fe6173181afceb89e7c659 -> 
  custom:AudioImporter_EditorPlatform: d09bf68614088b80899f8185d706f6e7 -> 
  custom:video-encoder-webm-vp8: eb34c28f22e8b96e1ab97ce403110664 -> 
  custom:audio-decoder-ogg-vorbis: bf7c407c2cedff20999df2af8eb42d56 -> 
  custom:audio-encoder-webm-vorbis: bf7c407c2cedff20999df2af8eb42d56 -> 
========================================================================
Received Import Request.
  Time since last request: 171.456494 seconds.
  path: Assets/manifest 1.json
  artifactKey: Guid(ce79a796264093b499b7911aefe8f45d) Importer(2089858483,0ecaa5967403d082aa24f35e1b516d23)
Start importing Assets/manifest 1.json using Guid(ce79a796264093b499b7911aefe8f45d) Importer(2089858483,0ecaa5967403d082aa24f35e1b516d23)  -> (artifact id: '61abe4473fc01089d940afe71af552a3') in 0.195650 seconds
Number of updated asset objects reloaded before import = 0
Number of asset objects unloaded after import = 1
========================================================================
Received Import Request.
  Time since last request: 0.000041 seconds.
  path: Assets/New Material.mat
  artifactKey: Guid(0e3f17c4bcd104d44b4d2a59898a6513) Importer(2089858483,0ecaa5967403d082aa24f35e1b516d23)
Start importing Assets/New Material.mat using Guid(0e3f17c4bcd104d44b4d2a59898a6513) Importer(2089858483,0ecaa5967403d082aa24f35e1b516d23)  -> (artifact id: '51100082da57a4510391177ec2fed9f9') in 0.054778 seconds
Number of updated asset objects reloaded before import = 0
Number of asset objects unloaded after import = 1
========================================================================
Received Import Request.
  Time since last request: 0.000036 seconds.
  path: Assets/manifest.json
  artifactKey: Guid(06050067312f57945a6440dff10f8413) Importer(2089858483,0ecaa5967403d082aa24f35e1b516d23)
Start importing Assets/manifest.json using Guid(06050067312f57945a6440dff10f8413) Importer(2089858483,0ecaa5967403d082aa24f35e1b516d23)  -> (artifact id: 'e56b863178f662a3a92ac3804f7a6e2a') in 0.013936 seconds
Number of updated asset objects reloaded before import = 0
Number of asset objects unloaded after import = 1
========================================================================
Received Import Request.
  Time since last request: 0.000068 seconds.
  path: Assets/Bricks093_2K-JPG/Bricks093_2K-JPG_Displacement.jpg
  artifactKey: Guid(c6f635104398b9c48b0c012fc6bdf57e) Importer(2089858483,0ecaa5967403d082aa24f35e1b516d23)
Start importing Assets/Bricks093_2K-JPG/Bricks093_2K-JPG_Displacement.jpg using Guid(c6f635104398b9c48b0c012fc6bdf57e) Importer(2089858483,0ecaa5967403d082aa24f35e1b516d23)  -> (artifact id: 'fa65a05434bf32818b43943ebb0891ff') in 0.081271 seconds
Number of updated asset objects reloaded before import = 0
Number of asset objects unloaded after import = 1
========================================================================
Received Import Request.
  Time since last request: 0.000039 seconds.
  path: Assets/Bricks093_2K-JPG/Bricks093.png
  artifactKey: Guid(bb01e2951c772f94e9b65ce9a226a478) Importer(2089858483,0ecaa5967403d082aa24f35e1b516d23)
Start importing Assets/Bricks093_2K-JPG/Bricks093.png using Guid(bb01e2951c772f94e9b65ce9a226a478) Importer(2089858483,0ecaa5967403d082aa24f35e1b516d23)  -> (artifact id: 'ee8bc06de81ecee961107a334bbed5df') in 0.036201 seconds
Number of updated asset objects reloaded before import = 0
Number of asset objects unloaded after import = 1
========================================================================
Received Import Request.
  Time since last request: 0.000063 seconds.
  path: Assets/Bricks093_2K-JPG/Materials/Bricks093.mat
  artifactKey: Guid(d4e55f55c42545343b8225b9ba716239) Importer(2089858483,0ecaa5967403d082aa24f35e1b516d23)
Start importing Assets/Bricks093_2K-JPG/Materials/Bricks093.mat using Guid(d4e55f55c42545343b8225b9ba716239) Importer(2089858483,0ecaa5967403d082aa24f35e1b516d23)  -> (artifact id: '57875f961472c38d69f50abacd064790') in 0.020477 seconds
Number of updated asset objects reloaded before import = 0
Number of asset objects unloaded after import = 2
========================================================================
Received Import Request.
  Time since last request: 0.000032 seconds.
  path: Assets/RoofingTiles014A_2K-JPG/RoofingTiles014A_2K-JPG.usdc
  artifactKey: Guid(db9e3d5657ecfbb47b5aa8456d838599) Importer(2089858483,0ecaa5967403d082aa24f35e1b516d23)
Start importing Assets/RoofingTiles014A_2K-JPG/RoofingTiles014A_2K-JPG.usdc using Guid(db9e3d5657ecfbb47b5aa8456d838599) Importer(2089858483,0ecaa5967403d082aa24f35e1b516d23)  -> (artifact id: 'c954300a4298a3ac256a3166db8c4dd5') in 0.017451 seconds
Number of updated asset objects reloaded before import = 0
Number of asset objects unloaded after import = 1
========================================================================
Received Import Request.
  Time since last request: 0.000040 seconds.
  path: Assets/WoodFloor044_4K-JPG/WoodFloor044_4K-JPG_NormalDX.jpg
  artifactKey: Guid(20fb864b86cac664ebbfa727932ed21d) Importer(2089858483,0ecaa5967403d082aa24f35e1b516d23)
Start importing Assets/WoodFloor044_4K-JPG/WoodFloor044_4K-JPG_NormalDX.jpg using Guid(20fb864b86cac664ebbfa727932ed21d) Importer(2089858483,0ecaa5967403d082aa24f35e1b516d23)  -> (artifact id: '8eebff750f12627f3912dc6e7ac29dea') in 0.037998 seconds
Number of updated asset objects reloaded before import = 0
Number of asset objects unloaded after import = 1
========================================================================
Received Import Request.
  Time since last request: 0.000049 seconds.
  path: Assets/Scenes/Animation/New Animation.anim
  artifactKey: Guid(27b772f63fe16fb48955c5bb9d440743) Importer(2089858483,0ecaa5967403d082aa24f35e1b516d23)
Start importing Assets/Scenes/Animation/New Animation.anim using Guid(27b772f63fe16fb48955c5bb9d440743) Importer(2089858483,0ecaa5967403d082aa24f35e1b516d23)  -> (artifact id: '49cb8d048de4c1ebb2870d0233b21b28') in 0.037681 seconds
Number of updated asset objects reloaded before import = 0
Number of asset objects unloaded after import = 1
========================================================================
Received Import Request.
  Time since last request: 0.000058 seconds.
  path: Assets/Settings/URP-Balanced-Renderer.asset
  artifactKey: Guid(e634585d5c4544dd297acaee93dc2beb) Importer(2089858483,0ecaa5967403d082aa24f35e1b516d23)
Start importing Assets/Settings/URP-Balanced-Renderer.asset using Guid(e634585d5c4544dd297acaee93dc2beb) Importer(2089858483,0ecaa5967403d082aa24f35e1b516d23)  -> (artifact id: 'da7e1fd9ef26589ee317f52868dcfc1c') in 0.070239 seconds
Number of updated asset objects reloaded before import = 0
Number of asset objects unloaded after import = 2
========================================================================
Received Import Request.
  Time since last request: 0.000029 seconds.
  path: Assets/RoofingTiles014A_2K-JPG/RoofingTiles014A_2K-JPG_NormalGL.jpg
  artifactKey: Guid(2b9b5aa58ceb1854b854547d789469b0) Importer(2089858483,0ecaa5967403d082aa24f35e1b516d23)
Start importing Assets/RoofingTiles014A_2K-JPG/RoofingTiles014A_2K-JPG_NormalGL.jpg using Guid(2b9b5aa58ceb1854b854547d789469b0) Importer(2089858483,0ecaa5967403d082aa24f35e1b516d23)  -> (artifact id: '499fedff6a09c404b66632fbfa25106a') in 0.042623 seconds
Number of updated asset objects reloaded before import = 0
Number of asset objects unloaded after import = 1
========================================================================
Received Import Request.
  Time since last request: 0.000033 seconds.
  path: Assets/Settings/SampleSceneProfile.asset
  artifactKey: Guid(a6560a915ef98420e9faacc1c7438823) Importer(2089858483,0ecaa5967403d082aa24f35e1b516d23)
Start importing Assets/Settings/SampleSceneProfile.asset using Guid(a6560a915ef98420e9faacc1c7438823) Importer(2089858483,0ecaa5967403d082aa24f35e1b516d23)  -> (artifact id: '546873f345b18facf0d9d5de600901c8') in 0.034117 seconds
Number of updated asset objects reloaded before import = 0
Number of asset objects unloaded after import = 4
========================================================================
Received Import Request.
  Time since last request: 0.000059 seconds.
  path: Assets/Readme.asset
  artifactKey: Guid(8105016687592461f977c054a80ce2f2) Importer(2089858483,0ecaa5967403d082aa24f35e1b516d23)
Start importing Assets/Readme.asset using Guid(8105016687592461f977c054a80ce2f2) Importer(2089858483,0ecaa5967403d082aa24f35e1b516d23)  -> (artifact id: '9f924b676f4394896394f8056f5efa33') in 0.021466 seconds
Number of updated asset objects reloaded before import = 0
Number of asset objects unloaded after import = 2
========================================================================
Received Import Request.
  Time since last request: 0.000064 seconds.
  path: Assets/RoofingTiles014A_2K-JPG/RoofingTiles014A_2K-JPG_Roughness.jpg
  artifactKey: Guid(0b6f204b40099d6449bfc4948ca864ad) Importer(2089858483,0ecaa5967403d082aa24f35e1b516d23)
Start importing Assets/RoofingTiles014A_2K-JPG/RoofingTiles014A_2K-JPG_Roughness.jpg using Guid(0b6f204b40099d6449bfc4948ca864ad) Importer(2089858483,0ecaa5967403d082aa24f35e1b516d23)  -> (artifact id: '1ef725ab4b89076c19d5c15455502708') in 0.044857 seconds
Number of updated asset objects reloaded before import = 0
Number of asset objects unloaded after import = 1
========================================================================
Received Import Request.
  Time since last request: 0.000036 seconds.
  path: Assets/Settings/URP-HighFidelity-Renderer.asset
  artifactKey: Guid(c40be3174f62c4acf8c1216858c64956) Importer(2089858483,0ecaa5967403d082aa24f35e1b516d23)
Start importing Assets/Settings/URP-HighFidelity-Renderer.asset using Guid(c40be3174f62c4acf8c1216858c64956) Importer(2089858483,0ecaa5967403d082aa24f35e1b516d23)  -> (artifact id: '116ce20e9c2375305a082173996fe215') in 0.029970 seconds
Number of updated asset objects reloaded before import = 0
Number of asset objects unloaded after import = 1
========================================================================
Received Import Request.
  Time since last request: 0.000045 seconds.
  path: Assets/TutorialInfo/Scripts/Readme.cs
  artifactKey: Guid(fcf7219bab7fe46a1ad266029b2fee19) Importer(2089858483,0ecaa5967403d082aa24f35e1b516d23)
Start importing Assets/TutorialInfo/Scripts/Readme.cs using Guid(fcf7219bab7fe46a1ad266029b2fee19) Importer(2089858483,0ecaa5967403d082aa24f35e1b516d23)  -> (artifact id: 'b49fb9bc30081acca5213a4980d4947d') in 0.020977 seconds
Number of updated asset objects reloaded before import = 0
Number of asset objects unloaded after import = 1
========================================================================
Received Import Request.
  Time since last request: 0.000025 seconds.
  path: Assets/Bricks093_2K-JPG/Bricks093_2K-JPG_NormalGL.jpg
  artifactKey: Guid(a9366f5f89cb25148a1be57beda95ecb) Importer(2089858483,0ecaa5967403d082aa24f35e1b516d23)
Start importing Assets/Bricks093_2K-JPG/Bricks093_2K-JPG_NormalGL.jpg using Guid(a9366f5f89cb25148a1be57beda95ecb) Importer(2089858483,0ecaa5967403d082aa24f35e1b516d23)  -> (artifact id: '5cc76ce42da12df2d7a112ef754cc0d6') in 0.038441 seconds
Number of updated asset objects reloaded before import = 0
Number of asset objects unloaded after import = 1
========================================================================
Received Import Request.
  Time since last request: 0.000030 seconds.
  path: Assets/Scenes/Animation/New Animator Controller.controller
  artifactKey: Guid(f5a324b9addfa4345833039a1eefd08c) Importer(2089858483,0ecaa5967403d082aa24f35e1b516d23)
Start importing Assets/Scenes/Animation/New Animator Controller.controller using Guid(f5a324b9addfa4345833039a1eefd08c) Importer(2089858483,0ecaa5967403d082aa24f35e1b516d23)  -> (artifact id: '25ae073e87247759d12c3e85734e33fc') in 0.030992 seconds
Number of updated asset objects reloaded before import = 0
Number of asset objects unloaded after import = 4
========================================================================
Received Import Request.
  Time since last request: 0.000034 seconds.
  path: Assets/Bricks093_2K-JPG/Bricks093_2K-JPG_Color.jpg
  artifactKey: Guid(26e75cbb8c0fde7469716f5971aae559) Importer(2089858483,0ecaa5967403d082aa24f35e1b516d23)
Start importing Assets/Bricks093_2K-JPG/Bricks093_2K-JPG_Color.jpg using Guid(26e75cbb8c0fde7469716f5971aae559) Importer(2089858483,0ecaa5967403d082aa24f35e1b516d23)  -> (artifact id: 'e4574b1d5ce93024a806864b514d6e27') in 0.034191 seconds
Number of updated asset objects reloaded before import = 0
Number of asset objects unloaded after import = 1
========================================================================
Received Import Request.
  Time since last request: 0.000024 seconds.
  path: Assets/RoofingTiles014A_2K-JPG/RoofingTiles014A_2K-JPG_Displacement.jpg
  artifactKey: Guid(3d4d81b2250951c4c86bc17cd9afa389) Importer(2089858483,0ecaa5967403d082aa24f35e1b516d23)
Start importing Assets/RoofingTiles014A_2K-JPG/RoofingTiles014A_2K-JPG_Displacement.jpg using Guid(3d4d81b2250951c4c86bc17cd9afa389) Importer(2089858483,0ecaa5967403d082aa24f35e1b516d23)  -> (artifact id: 'ea808740b01cc2b7e669c22593bf98a8') in 0.040663 seconds
Number of updated asset objects reloaded before import = 0
Number of asset objects unloaded after import = 1
========================================================================
Received Import Request.
  Time since last request: 0.000034 seconds.
  path: Assets/WoodFloor044_4K-JPG/New Material.mat
  artifactKey: Guid(8752c8e86fbdbdd45bc55dc790150cb7) Importer(2089858483,0ecaa5967403d082aa24f35e1b516d23)
Start importing Assets/WoodFloor044_4K-JPG/New Material.mat using Guid(8752c8e86fbdbdd45bc55dc790150cb7) Importer(2089858483,0ecaa5967403d082aa24f35e1b516d23)  -> (artifact id: '19a14353a25168107fd90f3513681fa8') in 0.016636 seconds
Number of updated asset objects reloaded before import = 0
Number of asset objects unloaded after import = 1
========================================================================
Received Import Request.
  Time since last request: 0.000020 seconds.
  path: Assets/WoodFloor044_4K-JPG/WoodFloor044_4K-JPG_Color.jpg
  artifactKey: Guid(a78fe00c85c268148a4e1038f58900f0) Importer(2089858483,0ecaa5967403d082aa24f35e1b516d23)
Start importing Assets/WoodFloor044_4K-JPG/WoodFloor044_4K-JPG_Color.jpg using Guid(a78fe00c85c268148a4e1038f58900f0) Importer(2089858483,0ecaa5967403d082aa24f35e1b516d23)  -> (artifact id: '5170af082006bf3596d93bc814d5c218') in 0.038757 seconds
Number of updated asset objects reloaded before import = 0
Number of asset objects unloaded after import = 1
========================================================================
Received Import Request.
  Time since last request: 0.000022 seconds.
  path: Assets/Bricks093_2K-JPG/Bricks093_2K-JPG_Roughness.jpg
  artifactKey: Guid(b10f169f844fa1c488bddce12988176c) Importer(2089858483,0ecaa5967403d082aa24f35e1b516d23)
Start importing Assets/Bricks093_2K-JPG/Bricks093_2K-JPG_Roughness.jpg using Guid(b10f169f844fa1c488bddce12988176c) Importer(2089858483,0ecaa5967403d082aa24f35e1b516d23)  -> (artifact id: 'fc6ecef42e1b8980a8dfdf3d705a3b64') in 0.043153 seconds
Number of updated asset objects reloaded before import = 0
Number of asset objects unloaded after import = 1
========================================================================
Received Import Request.
  Time since last request: 0.000030 seconds.
  path: Assets/Bricks093_2K-JPG/New Material.mat
  artifactKey: Guid(8f29071caf735ad47b380cf998f35cab) Importer(2089858483,0ecaa5967403d082aa24f35e1b516d23)
Start importing Assets/Bricks093_2K-JPG/New Material.mat using Guid(8f29071caf735ad47b380cf998f35cab) Importer(2089858483,0ecaa5967403d082aa24f35e1b516d23)  -> (artifact id: '5f5c1ef97f0526ca1d4bdb7e8892b8d4') in 0.023450 seconds
Number of updated asset objects reloaded before import = 0
Number of asset objects unloaded after import = 3
========================================================================
Received Import Request.
  Time since last request: 0.000030 seconds.
  path: Assets/Settings/URP-HighFidelity.asset
  artifactKey: Guid(7b7fd9122c28c4d15b667c7040e3b3fd) Importer(2089858483,0ecaa5967403d082aa24f35e1b516d23)
Start importing Assets/Settings/URP-HighFidelity.asset using Guid(7b7fd9122c28c4d15b667c7040e3b3fd) Importer(2089858483,0ecaa5967403d082aa24f35e1b516d23)  -> (artifact id: '279971ff4546594164a1084434e45b10') in 0.040338 seconds
Number of updated asset objects reloaded before import = 0
Number of asset objects unloaded after import = 1
========================================================================
Received Import Request.
  Time since last request: 0.000020 seconds.
  path: Assets/WoodFloor044_4K-JPG/WoodFloor044.png
  artifactKey: Guid(270753aa2ec2c284d96b9a8aef64af9c) Importer(2089858483,0ecaa5967403d082aa24f35e1b516d23)
Start importing Assets/WoodFloor044_4K-JPG/WoodFloor044.png using Guid(270753aa2ec2c284d96b9a8aef64af9c) Importer(2089858483,0ecaa5967403d082aa24f35e1b516d23)  -> (artifact id: 'e4db43039020fd50a7bfbfc6cb585c36') in 0.027071 seconds
Number of updated asset objects reloaded before import = 0
Number of asset objects unloaded after import = 1
========================================================================
Received Import Request.
  Time since last request: 0.000028 seconds.
  path: Assets/WoodFloor044_4K-JPG.zip
  artifactKey: Guid(79837261a948f424a93ea37f37fce4c6) Importer(2089858483,0ecaa5967403d082aa24f35e1b516d23)
Start importing Assets/WoodFloor044_4K-JPG.zip using Guid(79837261a948f424a93ea37f37fce4c6) Importer(2089858483,0ecaa5967403d082aa24f35e1b516d23)  -> (artifact id: 'c0e6e47c87076f4fe04ce756ad4d568e') in 0.011692 seconds
Number of updated asset objects reloaded before import = 0
Number of asset objects unloaded after import = 1
========================================================================
Received Import Request.
  Time since last request: 0.000147 seconds.
  path: Assets/Settings/URP-Performant.asset
  artifactKey: Guid(d0e2fc18fe036412f8223b3b3d9ad574) Importer(2089858483,0ecaa5967403d082aa24f35e1b516d23)
Start importing Assets/Settings/URP-Performant.asset using Guid(d0e2fc18fe036412f8223b3b3d9ad574) Importer(2089858483,0ecaa5967403d082aa24f35e1b516d23)  -> (artifact id: '0e5dc77f50e88f58c47747c83f9edf92') in 0.034186 seconds
Number of updated asset objects reloaded before import = 0
Number of asset objects unloaded after import = 2
Editor requested this worker to shutdown with reason: Scaling down because of idle timeout
TcpMessagingSession - receive error: operation aborted. errorcode: 995, details: Der E/A-Vorgang wurde wegen eines Threadendes oder einer Anwendungsanforderung abgebrochen.
AssetImportWorker is now disconnected from the server
Process exiting
Exiting without the bug reporter. Application will terminate with return code 0